bato.to
gelbooru.com
danbooru.donmai.us
mangapark.net
vndb.org
dorama.live
doramalive.ru
doramy.club
mydoramy.club
mangahub.ru
shikimori.me
mangadex.org
e621.net
jut.su
animego.org
amedia.site
yummyani.me
kara.su
animebest.org
animedia.tv
animespirit.ru
sovetromantica.com
adultmult.tv
jut.su
jut-su.net
slashlib.me
anilibria.tv
ficbook.net
shiza-project.com
anistars.ru
anistar.org
animaunt.org
anime-portal.su
anilibria.uno
anilibria.org
anilibria.wtf
kemono.su
mangadex.org
anilib.me
yande.re
delivery.2d.net.co