ovd.news
ovd.info
ovdinfo.org
ovd.legal
oi.legal
grani.ru
ej.ru
kasparov.ru
blackseanews.net
rbc.ua
sputnikipogrom.com
thebarentsobserver.com
mbk-news.appspot.com
openmedia.io
proekt.media
korrespondent.net
kor.ill.in.ua
ui.ill.in.ua
csskor.ill.in.ua
jskor.ill.in.ua
currenttime.tv
pravda.com.ua
newtimes.ru
krymr.com
unian.ua
doxa.team
hromadske.ua
tvrain.ru
tayga.info
strana.news
strana.today
the-village.ru
kavkazr.com
svoboda.org
bbc.com
bbc.co.uk
bbci.co.uk
freemedia.io
dw.com
idelreal.org
voanews.com
severreal.org
sibreal.org
meduza.io
semnasem.org
vot-tak.tv
agents.media
zona.media
sobesednik.com
ekhokavkaza.com
activatica.org
slavicsac.com
republic.ru
zerkalo.io
istories.media
important-stories.com
thetruestory.news
colta.ru
paperpaper.ru
paperpaper.io
vesty.co.il
9tv.co.il
euroradio.fm
kavkaz-uzel.eu
bellingcat.com
postimees.ee
svtv.org
mediazona.ca
euronews.com
news.google.com
azathabar.com
azathabar.com
dovod.online
fortanga.org
azattyq.org
ozodi.org
itsmycity.ru
newsru.com
newsru.co.il
cursorinfo.co.il
mignews.com
zahav.ru
delfi.lv
delfi.lt
delfi.lt
discours.io
wonderzine.com
lamcdn.net
holod.media
is.fi
novayagazeta.eu
rus.delfi.ee
germania.one
usa.one
interfax.com.ua
portal.lviv.ua
rus.jauns.lv
cyxymu.info
realist.online
telegraf.by
telegraf.news
bihus.info
suspilne.media
yle.fi
hs.fi
graty.me
merezha.co
svoi.kr.ua
root-nation.com
verstka.media
locals.md
pap.pl
skat.media
welt.de
theins.ru
api.theins.info
roar-review.com
novaya.no
posle.media
cherta.media
sakhalin.info
i.sakh.com
echofm.online
patriot.dp.ua
spektr.press
metla.press
opposition-news.com
novayagazeta.ru
provereno.media
rezonans.media
tvrain.tv
atn.ua
expres.online
7dniv.rv.ua
tvfreedom.io
politiken.dk
thebell.io
arbat.media
svidomi.in.ua
vesma.one
vesma.today
sakharovfoundation.org
eutrp.eu
fonge.org
radiosakharov.org
kolsar.org
prosleduetmedia.com
kovcheg.live
r4.err.ee
24.kg
polit.ru
fn-volga.ru
kaktus.media
pravda.com
ukr.radio
foxnews.com
golosameriki.com
gulagu.net
radiosvoboda.org
theins.press
telegraph.co.uk
politico.eu
moscowtimes.ru
roskomsvoboda.org
t-invariant.org
usatoday.com
rferl.org
baikal-journal.ru
spiegel.de
sotaproject.com
rima.media