/ip dns static add name=avtodor-tr.ru type=FWD address-list=allow-domains match-subdomain=yes forward-to=localhost
/ip dns static add name=bitrix.info type=FWD address-list=allow-domains match-subdomain=yes forward-to=localhost
/ip dns static add name=bkvet.ru type=FWD address-list=allow-domains match-subdomain=yes forward-to=localhost
/ip dns static add name=cdn77.org type=FWD address-list=allow-domains match-subdomain=yes forward-to=localhost
/ip dns static add name=dzvr.ru type=FWD address-list=allow-domains match-subdomain=yes forward-to=localhost
/ip dns static add name=gov.ru type=FWD address-list=allow-domains match-subdomain=yes forward-to=localhost
/ip dns static add name=kinopoisk.ru type=FWD address-list=allow-domains match-subdomain=yes forward-to=localhost
/ip dns static add name=lemanapro.ru type=FWD address-list=allow-domains match-subdomain=yes forward-to=localhost
/ip dns static add name=leroymerlin.ru type=FWD address-list=allow-domains match-subdomain=yes forward-to=localhost
/ip dns static add name=mos.ru type=FWD address-list=allow-domains match-subdomain=yes forward-to=localhost
/ip dns static add name=mosenergosbyt.ru type=FWD address-list=allow-domains match-subdomain=yes forward-to=localhost
/ip dns static add name=onelya.ru type=FWD address-list=allow-domains match-subdomain=yes forward-to=localhost
/ip dns static add name=ozon.ru type=FWD address-list=allow-domains match-subdomain=yes forward-to=localhost
/ip dns static add name=ozone.ru type=FWD address-list=allow-domains match-subdomain=yes forward-to=localhost
/ip dns static add name=ozonusercontent.com type=FWD address-list=allow-domains match-subdomain=yes forward-to=localhost
/ip dns static add name=pesc.ru type=FWD address-list=allow-domains match-subdomain=yes forward-to=localhost
/ip dns static add name=pochta.ru type=FWD address-list=allow-domains match-subdomain=yes forward-to=localhost
/ip dns static add name=refocus.ru type=FWD address-list=allow-domains match-subdomain=yes forward-to=localhost
/ip dns static add name=russianpost.ru type=FWD address-list=allow-domains match-subdomain=yes forward-to=localhost
/ip dns static add name=rzd-bonus.ru type=FWD address-list=allow-domains match-subdomain=yes forward-to=localhost
/ip dns static add name=rzd.ru type=FWD address-list=allow-domains match-subdomain=yes forward-to=localhost
/ip dns static add name=showip.net type=FWD address-list=allow-domains match-subdomain=yes forward-to=localhost
/ip dns static add name=ttk.ru type=FWD address-list=allow-domains match-subdomain=yes forward-to=localhost
/ip dns static add name=xn--90aijkdmaud0d.xn--p1ai type=FWD address-list=allow-domains match-subdomain=yes forward-to=localhost
/ip dns static add name=yadro.ru type=FWD address-list=allow-domains match-subdomain=yes forward-to=localhost
/ip dns static add name=yandex.net type=FWD address-list=allow-domains match-subdomain=yes forward-to=localhost
/ip dns static add name=yandex.ru type=FWD address-list=allow-domains match-subdomain=yes forward-to=localhost
