1018213540.rsc.cdn77.org
_9443._https.ws.finance.ozon.ru
api.finance.ozon.ru
api.ott.kinopoisk.ru
api.ozon.ru
api.plus.kinopoisk.ru
b2c-ticket-sentry.onelya.ru
bitrix.info
bkvet.ru
cdn1.ozone.ru
cdn1.ozonusercontent.com
cdn2.ozone.ru
cms1.dzvr.ru
counter.yadro.ru
dzvr.ru
edge-lb-g1.ozon.ru
edge-mmedia-lb.ozone.ru
external-api.mediabilling.kinopoisk.ru
finance.ozon.ru
hd.kinopoisk.ru
io.ozone.ru
ir-3.ozone.ru
ir.ozone.ru
mc.kinopoisk.ru
ozon.ru
p.ozon.ru
passport.pochta.ru
pochta.ru
rzd-bonus.ru
rzd.ru
static.pochta.ru
sys.refocus.ru
t.finance.ozon.ru
ticket.rzd.ru
v.ozone.ru
vshark.ttk.ru
widgets.kinopoisk.ru
ws.finance.ozon.ru
www.kinopoisk.ru
www.ozon.ru
www.pochta.ru
www.rzd.ru
xapi.ozon.ru
