DOMAIN-SUFFIX,1018213540.rsc.cdn77.org
DOMAIN-SUFFIX,avtodor-tr.ru
DOMAIN-SUFFIX,b2c-ticket-sentry.onelya.ru
DOMAIN-SUFFIX,bitrix.info
DOMAIN-SUFFIX,bkvet.ru
DOMAIN-SUFFIX,cdn1.ozonusercontent.com
DOMAIN-SUFFIX,cms1.dzvr.ru
DOMAIN-SUFFIX,counter.yadro.ru
DOMAIN-SUFFIX,dzvr.ru
DOMAIN-SUFFIX,fairplay-proxy.ott.yandex.ru
DOMAIN-SUFFIX,fssp.gov.ru
DOMAIN-SUFFIX,gosuslugi.ru
DOMAIN-SUFFIX,gov.ru
DOMAIN-SUFFIX,graphql.kinopoisk.ru
DOMAIN-SUFFIX,lemanapro.ru
DOMAIN-SUFFIX,leroymerlin.ru
DOMAIN-SUFFIX,mobileapp.russianpost.ru
DOMAIN-SUFFIX,mos.ru
DOMAIN-SUFFIX,mosenergosbyt.ru
DOMAIN-SUFFIX,mosreg.ru
DOMAIN-SUFFIX,nalog.ru
DOMAIN-SUFFIX,ozon.ru
DOMAIN-SUFFIX,pesc.ru
DOMAIN-SUFFIX,pochta.ru
DOMAIN-SUFFIX,reso.ru
DOMAIN-SUFFIX,rosreestr.gov.ru
DOMAIN-SUFFIX,rzd-bonus.ru
DOMAIN-SUFFIX,rzd.ru
DOMAIN-SUFFIX,showip.net
DOMAIN-SUFFIX,sys.refocus.ru
DOMAIN-SUFFIX,vshark.ttk.ru
DOMAIN-SUFFIX,widevine-proxy.ott.yandex.ru
DOMAIN-SUFFIX,xn--90aijkdmaud0d.xn--p1ai
DOMAIN-SUFFIX,yandex.net
