ipset=/1018213540.rsc.cdn77.org/vpn_domains
ipset=/avtodor-tr.ru/vpn_domains
ipset=/b2c-ticket-sentry.onelya.ru/vpn_domains
ipset=/bitrix.info/vpn_domains
ipset=/bkvet.ru/vpn_domains
ipset=/cdn1.ozonusercontent.com/vpn_domains
ipset=/cms1.dzvr.ru/vpn_domains
ipset=/counter.yadro.ru/vpn_domains
ipset=/dzvr.ru/vpn_domains
ipset=/fairplay-proxy.ott.yandex.ru/vpn_domains
ipset=/fssp.gov.ru/vpn_domains
ipset=/gosuslugi.ru/vpn_domains
ipset=/gov.ru/vpn_domains
ipset=/graphql.kinopoisk.ru/vpn_domains
ipset=/lemanapro.ru/vpn_domains
ipset=/leroymerlin.ru/vpn_domains
ipset=/mobileapp.russianpost.ru/vpn_domains
ipset=/mos.ru/vpn_domains
ipset=/mosenergosbyt.ru/vpn_domains
ipset=/mosreg.ru/vpn_domains
ipset=/nalog.ru/vpn_domains
ipset=/ozon.ru/vpn_domains
ipset=/pesc.ru/vpn_domains
ipset=/pochta.ru/vpn_domains
ipset=/reso.ru/vpn_domains
ipset=/rosreestr.gov.ru/vpn_domains
ipset=/rzd-bonus.ru/vpn_domains
ipset=/rzd.ru/vpn_domains
ipset=/showip.net/vpn_domains
ipset=/sys.refocus.ru/vpn_domains
ipset=/vshark.ttk.ru/vpn_domains
ipset=/widevine-proxy.ott.yandex.ru/vpn_domains
ipset=/xn--90aijkdmaud0d.xn--p1ai/vpn_domains
ipset=/yandex.net/vpn_domains
