2600:9000:3000::/36
2600:9000:f600::/39
2600:9000:f540::/42
2409:8c00:2421:300::/56
2600:9000:f000::/38
2600:9000:f500::/43
2600:9000:ddd::/48
2600:9000:f800::/37
2600:9000:f400::/40
2600:9000:f538::/45
2600:9000:5380::/41
2600:9000:1000::/36
2600:9000:2000::/36
2400:7fc0:500::/40
2600:9000:4000::/36
2600:9000:fff::/48
2409:8c00:2421:400::/56
2404:c2c0:500::/40
2600:9000:5308::/45
2600:9000:f534::/46
2600:9000:f520::/44
2600:9000:5320::/43
2600:9000:5310::/44
2600:9000:f580::/41
2600:9000:5340::/42
2600:9000:eee::/48
2600:9000:5200::/40
