101.ru
16-bits.ru
1cent.in
1cent.tv
1cupis.ru
1internet.tv
1prime.ru
1rsload.ru
1tv.com
1tv.ru
1tvcrimea.ru
1x-bet.com
1xbet.com
1xslots-online.com
1xstavka.ru
22bet.com
288sb.com
2gis.ru
2gis.ua
2kita.com
2whois.ru
3dn.ru
3dnews.ru
3dtoday.ru
4brain.ru
4pda.to
5-tv.ru
5.argocasino50.com
7themes.su
82.mchs.gov.ru
82.mvd.ru
82.rkn.gov.ru
82.rospotrebnadzor.ru
82reg.roszdravnadzor.ru
888.ru
9111s.ru
9649.ru
abet.ru
academyit.ru
achtungpartisanen.ru
adacoins.ru
adhigh.net
admin-gorlovka.ru
advisor.wmtransfer.com
adwolf.ru
afisha.yandex.ru
afisha.yandex.ua
ag.ru
agava.net.ru
agklnr.su
agroprom.msdnr.ru
aif.ru
airis.ru
akademiya.znanierussia.ru
aladdin-rd.ru
alchevsk.su
aletheia.spb.ru
alfabank.ru
algoritmika.org
aliexpress.ru
all-poster.ru
allcrimea.net
altaipalace.net
alternatio.org
amalgama-lab.com
amediateka.ru
amlgames.com
amvrosievka-gorsovet.1c-umi.ru
amvrosievka-gorsovet.umi.ru
aniqit.com
anna-news.info
anomaly-zone.net
anomaly-zone.ru
antifashist.com
antifriz.tv
antimaydan.info
antispamsniper.com
antistarforce.com
antr-adm.ru
antratsit.su
api-prod-europaplus.apptimizm.pro
api.viqeo.tv
apptractor.ru
aprlnr.su
arbitr.ru
arbitrage.webmoney.ru
arbitrage.webmoney.ua
arcanecoast.ru
argumenti.ru
armgov.ru
artmoney.ru
artpeople.ru
artv-news.ru
ascnb1.ru
asd.news
asketlnr.su
asp24.ru
asssr.info
ast.ru
astrabet.ru
atraining.ru
au-donetsk.ru
audience.yandex.ru
audience.yandex.ua
auto.ru
autobook.one
autosport.com.ru
av3715.ru
avcdn.net
avia.yandex.ru
avia.yandex.ua
avtopribor.ru
awru.my.games
bafista.ru
balashov.com.ua
baltbet.ru
banking.gdcert.com
banking.guarantee.ru
banking.wmeuro.eu
banks.webmoney.ru
bdocodex.com
bedshard.lol
beeline.ru
begemot.media
beget.com
belslavkom.by
bet365.com
bet365.ru
betboom.ru
betcity.ru
bethesda.net
betring.org
bettery.ru
betwinner.com
bg14.org
bigsv.ru
billingtv.net
bin.entware.net
bitasproductions.ru
bizdnr.ru
bizon365.ru
blast.hk
bloknot.ru
blynk.tk
bmpvsu.ru
bober-tv.ru
bober.ru
bonus.qiwi.com
bookmate.com
boosty.to
britannia-kaliningrad.ru
browser.yandex.ru
browser.yandex.ua
brunoyam.com
bryanka.su
burda.ru
bwin.ru
c-eho.info
c-inform.info
c-pravda.ru
cackle.me
calend.ru
calendar.yandex.ru
cambridgecentre.ru
capitalfm.moscow
cardsharingserver.tv
casino.partycasino.com
casino.redkings.com
cbilling.biz
cbilling.in
cbilling.pw
cbillingtv.net
cdn.ag.ru
cdn.tf
cdnbunny.org
cdnland.in
cdnvideo.ru
changamireltd.com
chat.ru
chbrr.crimea.com
chernaya100.com
chernayamagiya.com
chipmaker.ru
chronos.vl.ru
chto-eto-takoe.ru
cikdnr.su
ciliz.com
citilink.ru
click.ru
cloud.pocketbook.digital
club443.ru
clubpixel.ru
cmh.ru
cnews.ru
cnpol.ru
coddyschool.com
code.mu
codenet.ru
college.ru
com.ru
combot.org
comitet.su
consoleclub.fun
cont.ws
contactpay.com
conversmod.ru
coollib.net
core.tf
corp.qiwi.com
coub.com
cqham.ru
crb-dnr.ru
creagames.com
credit.webmoney.ru
crimea-news.com
crimea-radio.ru
crimea.com
crimea.gov.ru
crimea.izbirkom.ru
crimea.mk.ru
crimea.ria.ru
crimea24.tv
crimea24tv.ru
crimeapress.info
css-ms.ru
ctrana.news
cwer.ru
cwer.su
cwer.sucwer.ws
cwer.ws
cyberforum.ru
d-cd.net
d3-28.ru
d4reflection.org
dailystorm.ru
dan-news.info
darkside.ru
data.nag.ru
data.nag.wiki
datadome.co
datalock.ru
ddos-guard.net
debalcevo-dnr.ru
debt.wmtransfer.com
delivery.yandex.ru
denis-pushilin.info
denis-pushilin.ru
depirf.ru
des-life.ru
developer.qiwi.com
deviantart.net
digitalrussia.tv
dimonvideo.ru
direct.yandex.ru
direct.yandex.ua
disk.yandex.ru
disk.yandex.ua
djankoiadm.ru
dklab.ru
dlink.ru
dmde.ru
dmkos.ru
dnd.su
dnipress.com
dnmchs.ru
dnr-hotline.ru
dnr-life.ru
dnr-live.ru
dnr-news.com
dnr-online.ru
dnr-pravda.ru
dnr24.com
dnr24.su
dnrailway.ru
dnronlane.su
dnrsovet.su
dns-shop.ru
dns.yandex.ru
dns.yandex.ua
do-mein.ru
docs-python.ru
dokuchaevskga.ucoz.org
domkino-premium.tv
domkino.tv
domkinopremium.tv
dommintrans.ru
donate.qiwi.com
donationalerts.com
donbass.media
donbasstoday.ru
doncsm.ru
doneast.su
donetsk.kp.ru
donmarkets.ru
donmintrans.ru
donnu.ru
dontimes.ru
dos.zone
drive2.ru
driver.ru
droider.ru
dropmefiles.com
drweb.com
drweb.ru
dtf.ru
dumps.tadiphone.dev
dvhab.ru
dzen.ru
dzhankoy.rk.gov.ru
e-06.adwolf.ru
e-hentai.org
e-news.su
e1.ru
eadaily.com
easynod.ru
easynod.servebeer.com
econri.org
edem.tv
edemtv.me
edu.lpr-reg.ru
eduson.academy
eksmo.ru
elcats.ru
electrotransport.ru
elementy.ru
elibrary.ru
eljur.ru
elmi.ua
emgsound.ru
enakievo.org
enigma.ua
entware.net
epg.fox-tv.fun
epp.genproc.gov.ru
eramedia.com.ua
esir.gov.spb.ru
esp8266.ru
esputnik.com
etu.ru
europaplus.ru
events.wmtransfer.com
evp.rk.gov.ru
excelworld.ru
exchanger.money
exchanger.money.ru
exchanger.ru
exesniper.com
exist.parts
f1news.ru
fanfics.me
fansubs.ru
fantlab.ru
farmanager.com
fastpic.org
feedsmart.ru
feo.rk.gov.ru
fgi-lnr.su
ficbook.net
files.wmtransfer.com
filmic.ac
filmix.ac
finbet.bet
findexiq.com
fixmypc.ru
flashboot.ru
flipperzero.one
fon.bet
fonbet.ru
forma-box.ru
fornote.net
forscan.org
forummikrotik.ru
forumupload.ru
fotki.yandex.ru
fotopik.net
fotostrana.ru
fox-tv.fun
fpdnr.ru
fplnr.org
freedom.kiev.ua
freelance.ru
freeman42.ru
freize.net
frenglish.ru
fsnslnr.su
ftpserver.biz
game-debate.com
gamearmy.ru
gameawards.ru
gamekot.top
gatoga.ru
gazeta-dnr.ru
gazeta.ru
gazetacrimea.ru
gb-dnr.com
gb.ru
gcdn.co
genichesk.khogov.ru
getcourse.ru
ggbet.ru
giapkdnr.msdnr.ru
gisclub.tv
gismeteo.ru
gisnpa-dnr.ru
gitflic.ru
gkecopoldnr.ru
gkgtn.ru
gknslnr.su
gkslnr.su
gktrlnr.su
glava-lnr.info
glava-lnr.su
glavstat.govdnr.ru
gle.ru
global.parimatch.com
godville.net
goldfishka68.com
golos-naroda.tv
golospravdy.com
gomel-sat.bz
goodgame.ru
gorlovka-news.su
gorlovka-tv.ru
gorlovka.today
gorod-donetsk.com
gorod-lugansk.com
goskomzemdnr.ru
goskomzemlnr.su
gosnadzorlnr.ru
gosrezervlnr.su
gosstat-dnr.ru
gostrud-dnr.ru
gosuslugi.ru
gov.ru
gov.spb.ru
govdnr.ru
government.ru
gpdnr.su
gplnr.su
gpmradio.ru
gs-corp.ru
gsdsd-dnr.ru
gt-news.info
gta.ru
gtklnr.su
gtrklnr.su
gtrlnr.com
gubkin.ru
gum-centr.su
guprec.ru
gvol.ru
h-helpers.ru
habr.com
habr.ru
hamsdr.ru
hdrezka.ag
hdrezka.me
hdrezka.org
health-diet.ru
hersonka.ru
hexlet.io
hi-fi-forum.net
hi-fidelity-forum.com
highspeednetwork.ru
hightech.plus
hlboost.ru
hls-01-regions.emgsound.ru
horrorzone.ru
hostingradio.ru
howto-news.info
howtonews.info
htmlacademy.ru
i-don.ru
i-edem.tv
iarex.ru
iddqd.ru
ideafix.name
ideafix.su
iedem.tv
igromania.ru
iguides.ru
ihc.ru
ihor-hosting.ru
ikrim.net
ikstv.ru
ilook.tv
ilovaisk.ugletele.com
ilyabirman.ru
imageban.ru
imgzona.video
imobook.ru
infergames.com
info.fox-tv.fun
info.paymaster.ru
inforeactor.ru
informing.ru
inforos.ru
infostart.ru
infovestnik.blogspot.com
inlinegroup-c.ru
inlnk.ru
inosmi.ru
insearch.site
inst.net
interfax.ru
internet-lab.ru
interra.bz
intrud.rk.gov.ru
investor.qiwi.com
involta.ru
ip-tv.club
iplookup.vvdev.ru
iptv-ru.com
iptvin.ru
iseetv.net
iskra-dnr.ru
ispsystem.ru
it999.ru
itc-life.ru
ithelp21.ru
ixbt.com
ixbt.games
iz.ru
izpp.govdnr.ru
jaomix.ru
japancats.ru
jiht.ru
jino.ru
jinopro.net
jira.ru
jobs.qiwi.com
jobs.yoomoney.ru
journalcrimea.ru
joyreactor.cc
jpgazeta.ru
k.cackle.me
k3d.tech
kanal-o.ru
karo.spb.ru
karpov.courses
karusel-tv.ru
kaspersky.com
kaspersky.ru
kassa.yandex.ru
katyusha.tv
kaznalnr.ru
kcpn.info
keeper.webmoney.ru
keeper.wmtransfer.com
kg-portal.ru
kga.su
khartsyzsk.ugletele.com
kherson.khogov.ru
khogov.ru
kianews24.ru
kiev.coddyschool.com
kini24.ru
kino-teatr.ru
kinoafisha.ru
kinokong.pro
kinzhal.media
kiozk.ru
kirovskoe.ugletele.com
kmbook.ru
knigovek.ru
kodik.biz
korabli.su
koroleffsov.ru
koronapay.com
koshara.co
kp.ru
kpfu.ru
kpole.ru
krasnodon.su
krasnyluch.su
krt-club.ru
krtech.ru
krvesna.rk.gov.ru
krym.fas.gov.ru
ktcr.lprreg.ru
kunch.kg
labirint-bookstore.ru
labirint.org
labirint.ru
laitis.ru
lambda13.online
lampa32.ru
lapki.live
ldplayer.net
lenovo-forums.ru
lenta.ru
leon.ru
leonardo.osnova.io
leonid-pasechnik.info
lesta.ru
lgt.su
lib.ru
life.ru
lifelink.ru
lifelug.su
liga.net
ligastavok.ru
light.webmoney.ru
light.wmtransfer.com
lightiptv.me
linebet.com
linkmeup.ru
linuxforum.ru
linuxmint.com.ru
linuxrussia.com
litres.ru
litvek.net
live.vkvideo.ru
livejournal.com
livelib.ru
lms.mupo.ru
lnr.media
lnr.today
loftschool.com
login.p1.worldoftanks.net
login.p2.worldoftanks.net
login.p3.worldoftanks.net
login.p4.worldoftanks.net
login.p5.worldoftanks.net
login.p6.worldoftanks.net
login.p7.worldoftanks.net
login.p8.worldoftanks.net
login.p9.worldoftanks.net
login.wmtransfer.com
login0.tanksblitz.ru
login1.tanksblitz.ru
login2.tanksblitz.ru
login3.tanksblitz.ru
login4.tanksblitz.ru
lolz.guru
losst.ru
lostarmour.info
lostarmour.ru
lostfilm.info
lostmagic.ru
lug-info.com
luga1news.ru
lugansk-online.su
lugansk.online
lugansk.site
lugansk1.info
lutik.tv
lutugino.su
m24.ru
magzdb.org
mail.ru
mail.wmid.com
mail.yandex.ua
mailrugames.com
makeyevka.ru
mamba.ru
manaeff.ru
mangadex.org
manjaro.ru
marathonbet.ru
market.yandex.ru
market.yandex.ua
markupeasy.ru
marshruty.ru
mastergrad.com
mchost.ru
mchs-lnr.su
mchs.rk.gov.ru
mcxdnr.ru
mdsdnr.ru
meco.rk.gov.ru
media-xyz.com
media.gpmradio.ru
megafon.ru
megasoft-ltd.ru
megatimer.ru
megatransov.net
melbet.com
melbet.ru
melord.net
memealerts.com
mephi.ru
mer.govdnr.ru
mer.lpr-reg.ru
merchant.webmoney.ru
merchant.wmtransfer.com
merionet.ru
merlnr.su
metanit.com
meteotrend.com
metrika.yandex.ru
metrika.yandex.ua
metro.yandex.ru
metro.yandex.ua
mgb-dnr.ru
mgbdnr.ru
mgblnr.org
mgsn.rk.gov.ru
mhdd.ru
miaistok.su
micro-solution.ru
micrus.ru
mid-dnr.su
mikrotik.wiki
mil-lnr.info
mil.ru
mincult.govdnr.ru
minek.rk.gov.ru
minfin.lprreg.ru
minfin.rk.gov.ru
minfindnr.ru
minfinlnr.su
minfo.rk.gov.ru
mini.webmoney.ru
mini.wmtransfer.com
mininfodnr.ru
minjust-dnr.ru
minjust.lpr-reg.ru
minobr.su
minpromlnr.su
minstroy-dnr.ru
minstroy.lpr-reg.ru
minstroylnr.su
mintek-dnr.ru
mintop.su
mintrans.lpr-reg.ru
mintranslnr.su
mintrud.gov-dpr.ru
mintrud.lpr-reg.ru
mintrudlnr.su
minzdrav.govdnr.ru
minzdrav.lpr-reg.ru
mipt.ru
mir24.tv
miralinks.ru
miranda-ng.org
mirkosmosa.ru
mirplus.info
mirtesen.ru
mizo.lpr-reg.ru
mk-donbass.ru
mk-herson.ru
mk-zap.ru
mk.lpr-reg.ru
mk.ru
mklnr.su
mkult.rk.gov.ru
mmnt.ru
mobile3.gameassists.co.uk
mobstudio.ru
mondnr.ru
money.yandex.ru
monitor.net.ru
monitorlab.ru
monm.rk.gov.ru
monteon.ru
moonback.ru
moscowmedia.net
mostbet.ru
moyaposylka.ru
mozaika.dn.ua
mpr.lpr-reg.ru
mprlnr.su
mprom.rk.gov.ru
mpt-dnr.ru
mpt.lpr-reg.ru
mptdnr.ru
mrespublika.ru
msdk.freshchat.com
msdnr.ru
msg13.core.tf
msh.rk.gov.ru
mshiplnr.lpr-reg.ru
mshiplnr.su
msk.top-academy.ru
mskagency.ru
mslnr.su
msport.rk.gov.ru
msreview.net
mstcvfvcvb.com
mstroy.rk.gov.ru
mtop.rk.gov.ru
mtrans.rk.gov.ru
mtrud.rk.gov.ru
mts.ru
mtspdnr.ru
mtur.rk.gov.ru
mu-lnr.su
mulnr.su
mupo.ru
music.yandex.ua
musicwars.ru
must.rk.gov.ru
muz1.tv
mvddnr.ru
mvdlnr.ru
my.com
my.games
myaccount.partypoker.com
myarena.ru
myarena.site
mybook.ru
myshows.me
mysku.club
mysku.ru
myvi.tv
mzdnr.ru
mzdrav.rk.gov.ru
mzem.rk.gov.ru
mzhkh.rk.gov.ru
mzlnr.su
n.maps.yandex.ru
n.tracktor.site
nabu-leaks.com
nabu-leaks.info
nabu-leaks.net
nabu-leaks.org
nag.ru
nag.wiki
nahnews.org
narfu.ru
narodmon.ru
narodnoeopolchenie.ru
nashagazeta.net
nashe.ru
nateks-don.ru
nateks-dv.ru
nateks-ural.ru
nateks-volga.ru
nateks.by
nateks.telecomsite.ru
nation-news.ru
navitel.ru
navitel.ua
neosvc.ru
netology.ru
network-xyz.com
nevelend.ru
new-team.org
new.yoomoney.ru
newinform.com
news-front.info
news.yandex.ru
news.yandex.ua
newsdnr.ru
newsua.ru
newxboxone.ru
ngs.ru
nihon-go.ru
nix.ru
nm-g.ru
nnmclub.to
nomadcasino.com
novkahovka.khogov.ru
novoaz-adm.3dn.ru
novoizdanie.com
novopressa.ru
novorosinform.org
novoross.info
novorossia-tv.ru
novorossia.su
novorossia.today
novorossia.vision
novorossiatv.com
novosti.icu
npoiskra.ru
nsc.ru
nslnr.su
nstatic.ru
nt1941.su
nts-tv.com
ntv.ru
ntvplus.ru
ntvplus.tv
nuipogoda.ru
nuum.ru
obu4alka.ru
oddr.info
odessatypical.site
odnarodyna.org
odsd.ru
og-ti.ru
ok-crimea.ru
ok.ru
okdk.ru
okkupatsiya.net
old-combats.com
old-games.ru
oldbk2.com
olimp.bet
ombudsmandnr.ru
onespot.one
onetrust.com
online-cloud.moscow
onlinezakladki.ru
onmedia.io
ontvtime.ru
opcrimea.ru
opencart-russia.ru
opennet.ru
opentrackers.org
orderingmemory.com
osnova.io
osu.ru
otchet-online.ru
otr-online.ru
ott-play.com
ottg.tv
ottglanz.tv
ottplay.com
otus.ru
outsidethebox.ms
overclockers.ru
owebmoney.ru
oxy.cloud
oxy.st
ozon.ru
p-on.ru
p2p.qiwi.com
pa.fox-tv.fun
paribet.ru
parimatch.com
parimatch.foundation
parimatch.net
parimatch.ua
partner.yandex.ru
partner.yandex.ua
pascalabc.net
passport.webmoney.ru
passport.yandex.ua
pathofexile.com
patriarchia.ru
paymaster.ru
paymaster.ua
paystree.com
pcprogs.net
pct.amocrm.ru
pdd.yandex.ru
peertube.su
performer.emg.fm
perviynomer.ru
pervomaysklnr.su
pflnr.su
phoenix-dnr.ru
php.ru
phpbbguru.net
pikabu.ru
pikinform.ru
pikuco.ru
pin-up.bet
pin-up.casino
pin-up.ua
pin-up794.com
pin-upbet-ua.com
pingvinus.ru
pinup.bet
pinup.casino
piter.com
pksspb.ru
planetaexcel.ru
play-www.777.com
playground.ru
playme8.ru
pluggedin.ru
pm.ua
pobeda.tv
podolyaka.su
poehali.tv
poig.ru
pokermatch.com
pokermatch.ua
politexpert.net
politnavigator.net
politring.com
politros.com
poolbet.ru
pooshock.ru
pornreactor.cc
postdonbass.com
poweruser.guru
pozdravik.ru
poznet.ru
ppcrimea.ru
pravdabeslana.ru
pravdnr.ru
pravenc.ru
premier.one
premium.tv
pressa.ru
prikolnik.com
primedice.com
prodonbass.ru
productstar.ru
proglib.io
prolaz.su
promedia.ru
promo.yookassa.ru
promo.yoomoney.ru
promodj.com
prosv.ru
psxplanet.ru
ptspb.ru
publicdiplomacy.su
pyatilistnik.org
pydocs.ru
qiwi.com
qiwi.gcs-web.com
qiwi.kz
qiwi.me
qiwiguide.ru
qiwitrue.dev
qrz.ru
r82.fss.ru
r82.fssprus.ru
rabota.yandex.ru
rabota.yandex.ua
rabotavtaxi.pro
radcap.ru
radio.ru
radio.yandex.ua
radiokot.ru
radiomoskvy.ru
radiopotok.ru
radiorecord.magonet.ru
radiorecord.ru
radioscanner.net
radioscanner.ru
radiovera.ru
radiozvezda.ru
rambler.ru
rasp.yandex.ru
rasp.yandex.ua
rbc.ru
rcl-radio.ru
rcz-dnr.ru
readovka.news
readovka.world
realty.yandex.ru
redray-lnr-news.su
reg.ru
remont-aud.net
remontcompa.ru
remontflash.ru
remontka.pro
remplanner.ru
ren.tv
reporter-crimea.ru
republic-tv.ru
rezka.ag
rf-cheats.ru
rfn.ru
ria.ru
riafan.ru
rian.com.ua
rian.ru
ridero.ru
rinoptica.ru
riperam.org
ritualdnr.ru
rk.gov.ru
rkn.gov.ru
rknpa.ru
rkproc.ru
rmnews.ru
rncb.ru
roadcontrol.org
rock-n-roll.ru
rodina-kniga.ru
rolz.org
rosebook.ru
rov-adm.su
rp-universe.ru
rp24.info
rp5.ru
rs.gov.ru
rsload.net
rsload.ru
rsload.website
rst-dnr.ru
rt.com
rtcomm.ru
rtfm.wiki
rtr-planeta.com
ru.com
ru.ldplayer.net
ru.meteotrend.com
rucomics.info
rumedia24.com
rus-linux.net
ruscrimea.ru
rusdialog.ru
rusf.ru
rusmatica.org
rusnext.ru
russia.tv
russian-center.ru
russian.oplot.tv
rust-lang.ru
rusvesna.su
rutab.net
rutor.info
rutracker.org
rutrk.org
rutube.ru
rutubelist.ru
ruvoip.net
ruweb.net
ruxpert.ru
rv77.pw
rzd.ru
s8.capital
sadmin.io
samlab.ws
sampo.ru
sape.ru
sberbank.ru
sc2tv.ru
scanmatik.ru
sceptic.online
school-xyz.com
seasonvar.ru
secretra.com
security.webmoney.ru
security.wmtransfer.com
segodnya.tv
selectel.org
selfpub.ru
sendfile.su
sendsay.ru
sentry-cdn.com
sergeistrelec.ru
serveradmin.ru
sev.gov.ru
sev.tv
sevastopol.press
sevkor.ru
sf.education
shahtersk.org
shareman.tv
sharij.com.ua
sharij.net
sharij.online
shop.fox-tv.fun
showgogo.ru
showip.net
sibnet.ru
simadm.ru
simsync.io
sipnet.ru
site.yandex.ua
skadovsk.khogov.ru
skgazeta.su
skillbox.ru
skillfactory.ru
skladchik.com
skladchik.org
sky.pro
skyeng.com.ua
skyeng.in.ua
skyeng.ru
skysmart.ru
slavasev.ru
slavlnr.su
slavvesti.su
sledcom.ru
slimboxtv.ru
slo.ru
slovodel.com
slurm.io
smdnr.ru
smi2.ru
smotrim.ru
smtu.ru
snezh-dnr.wmsite.ru
soap4youand.me
sobranie-casino.com
soft-navigator.ru
soglasie.by
sources.ru
sovminlnr.ru
sovminlnr.su
sp-rc.ru
spb.ru
spbstu.ru
speechkit.yandex.ru
speedfans.ru
spletnik.ru
sportloto.ru
sprav.yandex.ru
sprav.yandex.ua
sputnikimages.com
sputniknews.com
spzh.eu
stakhanov.su
star-bet.ru
starkgames.app
starline-online.ru
starline.ru
starobeshevo.ru
start.ru
startallback.com
stat.yandex.ru
stat.yandex.ua
static.qiwi.com
static.viqeo.tv
static.vl.ru
stepik.org
stitch.su
stnmoscow.ru
stoletie.ru
strana.digital
strana.news
strana.one
strana.today
strana.ua
strava.com
stv92.ru
supcourt-dpr.su
support.my.games
svetovik.info
svk-portal.su
svpressa.ru
swiftbook.ru
synapse-pe.fun
synapse-pe.ru
synthema.ru
sysadmins.ru
szstakhanov.su
tabor.ru
tadiphone.dev
tanki.su
tanksblitz.ru
tarakanov.net
tass.ru
tavria.tv
taxi-yandex.com.ua
taxi-yandex.kiev.ua
taxi.yandex.ru
tcpu.ru
team-host.ru
teamplay.qiwi.com
tech.yandex.ru
techberg.ru
tehnichka.pro
telecafe.ru
telekanal-oplot.tv
telepay.webmoney.ru
telepay.wmtransfer.com
telephony.yandex.ru
telesputnik.ru
teletarget.ru
televid-sib.ru
telmanovo-dnr.ru
telmanovo.dnr-online.ru
tennisi.bet
textologia.ru
teyes.cn
teyes.ru
tfomsrk.ru
theotherukraine.info
thg.ru
thisis.media
thomaldrin.worldpress.com
tidal.com
tiflo.info
tinkoff.ru
tjournal.ru
tk-union.tv
tnt-online.ru
tochka.com
topasnew24.com
topface.com
topiptv.info
topvisor.com
torez24.ru
tortuga.club
tppdnr.ru
tpu.ru
tracktor.site
traditionpress.ru
trakrd.ru
translate.yandex.ru
translate.yandex.ua
trashbox.ru
travel.qiwi.com
travel.yandex.ru
treeone.ru
tribuna.com
tribunal.dnr-online.ru
trkmillet.ru
trovo.live
trovocdn.net
trudgor.su
trudslava.su
tsiklnr.su
tunecom.ru
turbo.ua
tuyahome.online
tv.rbc.ru
tv.yandex.ru
tv.yandex.ua
tvc.ru
tvkultura.ru
tvlider.net
tvoetv.in.ua
tvzvezda.ru
tyuiu.ru
u2.9111s.ru
ucoz.ru
ugoos.twicker.ru
ukr.rs.gov.ru
ukraina.ru
ukraine.ru
ukrgarant.com
ukrtvr.org
ulstu.ru
universe.qiwi.com
uoperev.ucoz.org
ural.ru
uraltm08.ru
urtaev.com
usbdev.ru
usbtor.ru
uscrimea.ru
usd.krm.sudrf.ru
userapi.com
utmn.ru
utro.ru
uzhhorod.today
v3.skladchik.org
vasilevkirill.ru
vc.ru
veche-info.ru
veche.ru
vedomosti.ru
veesp.com
vegalab.ru
veraifoma.ru
versia.ru
veseloeradio.ru
vesti-k.ru
vesti.ru
vesti92.ru
vgl-sport.ru
vgtrk.com
vipdrive.net
viplime.fun
viqeo.tv
virtustec.ru
visionbot.ru
visions.ru
vitrina.tv
vk-apps.com
vk.com
vk.ru
vkforms.ru
vkontakte.ru
vkopt.net
vkplay.live
vkvideo.ru
vl.ru
vladimirmalikov.com
vmakeevke.com
vniioeng.ru
vodadonbassa.ru
voenmeh.ru
voice-server.ru
voicesevas.ru
voidboost.cc
voidboost.in
vokino.pro
vokrug.tv
voloshyna.org.ua
voltbet.ru
voskhodinfo.su
vperedlnr.su
vremya.tv
vs.krm.sudrf.ru
vsednr.ru
vsko.ru
vz.ru
walletone.com
wargm.ru
wasd.tv
wbc.com.ru
wdho.ru
web-moneta.com
webhamster.ru
webmaster.yandex.ru
webmoney-keeper.ru
webmoney.by
webmoney.com
webmoney.com.ua
webmoney.ru
webmoney.ua
webmoneydealer.narod.ru
webos-forums.ru
whitesaas.com
wiki.web-money.ru
wiki.web.money.ru
wiki.webmoney.ru
wiki.wmtransfer.com
wiki93.ru
wikimapia.org
wildberries.ru
win-torrent.net
win10tweaker.ru
winitpro.ru
wink.rt.ru
winline.ru
wm-factor.com.ua
wm.exchanger.money
wmchanger.com
wmsc1.webmoney.ru
wmsc2.webmoney.ru
wmsc3.webmoney.ru
wmsc4.webmoney.ru
wmscl.webmoney.ru
wmtransfer.com
wmx.ru
wod.su
wooordhunt.ru
world-evolved.ru
worldcrisis.ru
wotspeak.ru
wtftime.ru
www.21casino.com
www.24kcasino.com
www.agoravox.tv
www.betchain.com
www.betchplp.xyz
www.bitcoincasino.us
www.capitaller.ru
www.casinotoken.com
www.cloudbet.com
www.donbass-insider.com
www.donetsk-france.org
www.doverie-tv.ru
www.drweb.ru
www.euslot.com
www.facct.ru
www.fastpay-casino.com
www.geopolitika.ru
www.grandx.com
www.group-ib.com
www.group-ib.ru
www.ilucki.com
www.inlinegroup.ru
www.inlinegroup.ua
www.ints.net
www.joocasino.com
www.kaspersky.ru
www.kinopoisk.ru
www.konungcasino.com
www.labirint.ru
www.litres.ru
www.loyalcasino.com
www.mail.ru
www.mklnr.su
www.mosfm.com
www.n1casino.com
www.nateks.ru
www.ok.ru
www.osnmedia.ru
www.ozon.ru
www.paradisecasino.com
www.patreon.com
www.pervomaysklnr.su
www.pinnacle.com
www.pl.com.ua
www.probki.net
www.qiwi.com
www.qiwi.ua
www.redstarcasino20.eu
www.sila-rf.ru
www.smartwm.ru
www.tvzvezda.ru
www.vk.com
www.wildberries.am
www.wildberries.by
www.wildberries.eu
www.wildberries.kg
www.wildberries.kz
www.wildberries.ru
www.wildberries.ua
www.yataxi.net
www.yoomoney.ru
x-bet.co
xchess.ru
xml.yandex.ru
xml.yandex.ua
xn--80ahqgjaddr.xn--p1ai
xn--c1acbl2abdlkab1og.xn--p1ai
xn--h1aheeehel.xn--p1acf
xxiveklnr.su
ya-taxi.bitrix24.site
ya.com
ya.ru
yadi.sk
yadro.ru
yalta-tv.ru
yalta.rk.gov.ru
yaltatv.ru
yandex-taxi.com.ua
yandex.biz.ua
yandex.com
yandex.net
yandex.ru
yandex.ua
yandexcloud.net
yandexdatafactory.com
yandextaksiua.com.ua
yandextaxi.com.ua
yandextaxi.kiev.ua
yasispolkom.dnr-online.ru
yasispolkom.ru
yataxi.com.ua
yauza.info
yoobusiness.ru
yookassa.ru
yoomoney.ru
yoomoney.uk
yoomoney.website
youmoney.ru
yourok.ru
ytro.news
yumoney.ru
z-oleg.com
zavtra.ru
zaycev.net
zedom.net
zenit.win
zenmoney.ru
zenon.net
zerocoder.ru
zhdanovka.com
zhdanovka.ugletele.com
zilore.com
zinenkos.site
zno.yandex.ua
zoneofgames.ru
zozo.gg
zugres.ugletele.com
