nftset=/1c-umi.ru/4#inet#fw4#vpn_domains
nftset=/1cent.in/4#inet#fw4#vpn_domains
nftset=/1cent.tv/4#inet#fw4#vpn_domains
nftset=/1cupis.ru/4#inet#fw4#vpn_domains
nftset=/1tv.com/4#inet#fw4#vpn_domains
nftset=/1tv.ru/4#inet#fw4#vpn_domains
nftset=/1tvcrimea.ru/4#inet#fw4#vpn_domains
nftset=/1x-bet.com/4#inet#fw4#vpn_domains
nftset=/1xbet.com/4#inet#fw4#vpn_domains
nftset=/1xslots-online.com/4#inet#fw4#vpn_domains
nftset=/1xstavka.ru/4#inet#fw4#vpn_domains
nftset=/21casino.com/4#inet#fw4#vpn_domains
nftset=/22bet.com/4#inet#fw4#vpn_domains
nftset=/24kcasino.com/4#inet#fw4#vpn_domains
nftset=/3dn.ru/4#inet#fw4#vpn_domains
nftset=/5-tv.ru/4#inet#fw4#vpn_domains
nftset=/777.com/4#inet#fw4#vpn_domains
nftset=/888.ru/4#inet#fw4#vpn_domains
nftset=/abet.ru/4#inet#fw4#vpn_domains
nftset=/academyit.ru/4#inet#fw4#vpn_domains
nftset=/achtungpartisanen.ru/4#inet#fw4#vpn_domains
nftset=/admin-gorlovka.ru/4#inet#fw4#vpn_domains
nftset=/agklnr.su/4#inet#fw4#vpn_domains
nftset=/agoravox.tv/4#inet#fw4#vpn_domains
nftset=/alchevsk.su/4#inet#fw4#vpn_domains
nftset=/algoritmika.org/4#inet#fw4#vpn_domains
nftset=/allcrimea.net/4#inet#fw4#vpn_domains
nftset=/altaipalace.net/4#inet#fw4#vpn_domains
nftset=/anna-news.info/4#inet#fw4#vpn_domains
nftset=/antifashist.com/4#inet#fw4#vpn_domains
nftset=/antifriz.tv/4#inet#fw4#vpn_domains
nftset=/antimaydan.info/4#inet#fw4#vpn_domains
nftset=/antr-adm.ru/4#inet#fw4#vpn_domains
nftset=/antratsit.su/4#inet#fw4#vpn_domains
nftset=/aprlnr.su/4#inet#fw4#vpn_domains
nftset=/argocasino50.com/4#inet#fw4#vpn_domains
nftset=/armgov.ru/4#inet#fw4#vpn_domains
nftset=/artv-news.ru/4#inet#fw4#vpn_domains
nftset=/asd.news/4#inet#fw4#vpn_domains
nftset=/asketlnr.su/4#inet#fw4#vpn_domains
nftset=/asssr.info/4#inet#fw4#vpn_domains
nftset=/astrabet.ru/4#inet#fw4#vpn_domains
nftset=/au-donetsk.ru/4#inet#fw4#vpn_domains
nftset=/auto.ru/4#inet#fw4#vpn_domains
nftset=/avtopribor.ru/4#inet#fw4#vpn_domains
nftset=/baltbet.ru/4#inet#fw4#vpn_domains
nftset=/begemot.media/4#inet#fw4#vpn_domains
nftset=/bet365.ru/4#inet#fw4#vpn_domains
nftset=/betboom.ru/4#inet#fw4#vpn_domains
nftset=/betchain.com/4#inet#fw4#vpn_domains
nftset=/betchplp.xyz/4#inet#fw4#vpn_domains
nftset=/betcity.ru/4#inet#fw4#vpn_domains
nftset=/betring.org/4#inet#fw4#vpn_domains
nftset=/bettery.ru/4#inet#fw4#vpn_domains
nftset=/betwinner.com/4#inet#fw4#vpn_domains
nftset=/bg14.org/4#inet#fw4#vpn_domains
nftset=/billingtv.net/4#inet#fw4#vpn_domains
nftset=/bitcoincasino.us/4#inet#fw4#vpn_domains
nftset=/bitrix24.site/4#inet#fw4#vpn_domains
nftset=/biz.ua/4#inet#fw4#vpn_domains
nftset=/bizdnr.ru/4#inet#fw4#vpn_domains
nftset=/blogspot.com/4#inet#fw4#vpn_domains
nftset=/bmpvsu.ru/4#inet#fw4#vpn_domains
nftset=/bober-tv.ru/4#inet#fw4#vpn_domains
nftset=/bookmate.com/4#inet#fw4#vpn_domains
nftset=/britannia-kaliningrad.ru/4#inet#fw4#vpn_domains
nftset=/brunoyam.com/4#inet#fw4#vpn_domains
nftset=/bryanka.su/4#inet#fw4#vpn_domains
nftset=/bwin.ru/4#inet#fw4#vpn_domains
nftset=/c-eho.info/4#inet#fw4#vpn_domains
nftset=/c-inform.info/4#inet#fw4#vpn_domains
nftset=/c-pravda.ru/4#inet#fw4#vpn_domains
nftset=/cambridgecentre.ru/4#inet#fw4#vpn_domains
nftset=/capitaller.ru/4#inet#fw4#vpn_domains
nftset=/cardsharingserver.tv/4#inet#fw4#vpn_domains
nftset=/casinotoken.com/4#inet#fw4#vpn_domains
nftset=/cbilling.biz/4#inet#fw4#vpn_domains
nftset=/cbilling.in/4#inet#fw4#vpn_domains
nftset=/cbilling.pw/4#inet#fw4#vpn_domains
nftset=/cbillingtv.net/4#inet#fw4#vpn_domains
nftset=/changamireltd.com/4#inet#fw4#vpn_domains
nftset=/cikdnr.su/4#inet#fw4#vpn_domains
nftset=/cloudbet.com/4#inet#fw4#vpn_domains
nftset=/clubpixel.ru/4#inet#fw4#vpn_domains
nftset=/cmh.ru/4#inet#fw4#vpn_domains
nftset=/coddyschool.com/4#inet#fw4#vpn_domains
nftset=/com.ru/4#inet#fw4#vpn_domains
nftset=/comitet.su/4#inet#fw4#vpn_domains
nftset=/contactpay.com/4#inet#fw4#vpn_domains
nftset=/crb-dnr.ru/4#inet#fw4#vpn_domains
nftset=/crimea-news.com/4#inet#fw4#vpn_domains
nftset=/crimea-radio.ru/4#inet#fw4#vpn_domains
nftset=/crimea24.tv/4#inet#fw4#vpn_domains
nftset=/crimeapress.info/4#inet#fw4#vpn_domains
nftset=/dan-news.info/4#inet#fw4#vpn_domains
nftset=/debalcevo-dnr.ru/4#inet#fw4#vpn_domains
nftset=/denis-pushilin.info/4#inet#fw4#vpn_domains
nftset=/denis-pushilin.ru/4#inet#fw4#vpn_domains
nftset=/digitalrussia.tv/4#inet#fw4#vpn_domains
nftset=/djankoiadm.ru/4#inet#fw4#vpn_domains
nftset=/dnipress.com/4#inet#fw4#vpn_domains
nftset=/dnmchs.ru/4#inet#fw4#vpn_domains
nftset=/dnr-hotline.ru/4#inet#fw4#vpn_domains
nftset=/dnr-life.ru/4#inet#fw4#vpn_domains
nftset=/dnr-live.ru/4#inet#fw4#vpn_domains
nftset=/dnr-news.com/4#inet#fw4#vpn_domains
nftset=/dnr-online.ru/4#inet#fw4#vpn_domains
nftset=/dnr-pravda.ru/4#inet#fw4#vpn_domains
nftset=/dnr24.com/4#inet#fw4#vpn_domains
nftset=/dnr24.su/4#inet#fw4#vpn_domains
nftset=/dnrailway.ru/4#inet#fw4#vpn_domains
nftset=/dnronlane.su/4#inet#fw4#vpn_domains
nftset=/dnrsovet.su/4#inet#fw4#vpn_domains
nftset=/do-mein.ru/4#inet#fw4#vpn_domains
nftset=/domkino-premium.tv/4#inet#fw4#vpn_domains
nftset=/domkino.tv/4#inet#fw4#vpn_domains
nftset=/dommintrans.ru/4#inet#fw4#vpn_domains
nftset=/donbass-insider.com/4#inet#fw4#vpn_domains
nftset=/donbass.media/4#inet#fw4#vpn_domains
nftset=/donbasstoday.ru/4#inet#fw4#vpn_domains
nftset=/doncsm.ru/4#inet#fw4#vpn_domains
nftset=/doneast.su/4#inet#fw4#vpn_domains
nftset=/donetsk-france.org/4#inet#fw4#vpn_domains
nftset=/donmarkets.ru/4#inet#fw4#vpn_domains
nftset=/donmintrans.ru/4#inet#fw4#vpn_domains
nftset=/donnu.ru/4#inet#fw4#vpn_domains
nftset=/dontimes.ru/4#inet#fw4#vpn_domains
nftset=/drweb.ru/4#inet#fw4#vpn_domains
nftset=/e-news.su/4#inet#fw4#vpn_domains
nftset=/econri.org/4#inet#fw4#vpn_domains
nftset=/edem.tv/4#inet#fw4#vpn_domains
nftset=/edemtv.me/4#inet#fw4#vpn_domains
nftset=/eduson.academy/4#inet#fw4#vpn_domains
nftset=/elmi.ua/4#inet#fw4#vpn_domains
nftset=/enakievo.org/4#inet#fw4#vpn_domains
nftset=/eramedia.com.ua/4#inet#fw4#vpn_domains
nftset=/euslot.com/4#inet#fw4#vpn_domains
nftset=/exchanger.money/4#inet#fw4#vpn_domains
nftset=/exchanger.ru/4#inet#fw4#vpn_domains
nftset=/fastpay-casino.com/4#inet#fw4#vpn_domains
nftset=/fgi-lnr.su/4#inet#fw4#vpn_domains
nftset=/finbet.bet/4#inet#fw4#vpn_domains
nftset=/findexiq.com/4#inet#fw4#vpn_domains
nftset=/fon.bet/4#inet#fw4#vpn_domains
nftset=/fonbet.ru/4#inet#fw4#vpn_domains
nftset=/forma-box.ru/4#inet#fw4#vpn_domains
nftset=/fox-tv.fun/4#inet#fw4#vpn_domains
nftset=/fpdnr.ru/4#inet#fw4#vpn_domains
nftset=/fplnr.org/4#inet#fw4#vpn_domains
nftset=/freedom.kiev.ua/4#inet#fw4#vpn_domains
nftset=/fsnslnr.su/4#inet#fw4#vpn_domains
nftset=/fss.ru/4#inet#fw4#vpn_domains
nftset=/fssprus.ru/4#inet#fw4#vpn_domains
nftset=/gameassists.co.uk/4#inet#fw4#vpn_domains
nftset=/gazeta-dnr.ru/4#inet#fw4#vpn_domains
nftset=/gazeta.ru/4#inet#fw4#vpn_domains
nftset=/gazetacrimea.ru/4#inet#fw4#vpn_domains
nftset=/gb-dnr.com/4#inet#fw4#vpn_domains
nftset=/gb.ru/4#inet#fw4#vpn_domains
nftset=/gdcert.com/4#inet#fw4#vpn_domains
nftset=/geopolitika.ru/4#inet#fw4#vpn_domains
nftset=/ggbet.ru/4#inet#fw4#vpn_domains
nftset=/gisnpa-dnr.ru/4#inet#fw4#vpn_domains
nftset=/gkecopoldnr.ru/4#inet#fw4#vpn_domains
nftset=/gkgtn.ru/4#inet#fw4#vpn_domains
nftset=/gknslnr.su/4#inet#fw4#vpn_domains
nftset=/gkslnr.su/4#inet#fw4#vpn_domains
nftset=/gktrlnr.su/4#inet#fw4#vpn_domains
nftset=/glava-lnr.info/4#inet#fw4#vpn_domains
nftset=/glava-lnr.su/4#inet#fw4#vpn_domains
nftset=/gle.ru/4#inet#fw4#vpn_domains
nftset=/goldfishka68.com/4#inet#fw4#vpn_domains
nftset=/golospravdy.com/4#inet#fw4#vpn_domains
nftset=/gomel-sat.bz/4#inet#fw4#vpn_domains
nftset=/gorlovka-news.su/4#inet#fw4#vpn_domains
nftset=/gorlovka-tv.ru/4#inet#fw4#vpn_domains
nftset=/gorlovka.today/4#inet#fw4#vpn_domains
nftset=/gorod-donetsk.com/4#inet#fw4#vpn_domains
nftset=/gorod-lugansk.com/4#inet#fw4#vpn_domains
nftset=/goskomzemdnr.ru/4#inet#fw4#vpn_domains
nftset=/goskomzemlnr.su/4#inet#fw4#vpn_domains
nftset=/gosnadzorlnr.ru/4#inet#fw4#vpn_domains
nftset=/gosrezervlnr.su/4#inet#fw4#vpn_domains
nftset=/gosstat-dnr.ru/4#inet#fw4#vpn_domains
nftset=/gostrud-dnr.ru/4#inet#fw4#vpn_domains
nftset=/gov.ru/4#inet#fw4#vpn_domains
nftset=/govdnr.ru/4#inet#fw4#vpn_domains
nftset=/gpdnr.su/4#inet#fw4#vpn_domains
nftset=/gplnr.su/4#inet#fw4#vpn_domains
nftset=/grandx.com/4#inet#fw4#vpn_domains
nftset=/group-ib.ru/4#inet#fw4#vpn_domains
nftset=/gsdsd-dnr.ru/4#inet#fw4#vpn_domains
nftset=/gt-news.info/4#inet#fw4#vpn_domains
nftset=/gtklnr.su/4#inet#fw4#vpn_domains
nftset=/gtrklnr.su/4#inet#fw4#vpn_domains
nftset=/gtrlnr.com/4#inet#fw4#vpn_domains
nftset=/guarantee.ru/4#inet#fw4#vpn_domains
nftset=/gum-centr.su/4#inet#fw4#vpn_domains
nftset=/guprec.ru/4#inet#fw4#vpn_domains
nftset=/hexlet.io/4#inet#fw4#vpn_domains
nftset=/howto-news.info/4#inet#fw4#vpn_domains
nftset=/howtonews.info/4#inet#fw4#vpn_domains
nftset=/htmlacademy.ru/4#inet#fw4#vpn_domains
nftset=/i-don.ru/4#inet#fw4#vpn_domains
nftset=/i-edem.tv/4#inet#fw4#vpn_domains
nftset=/iedem.tv/4#inet#fw4#vpn_domains
nftset=/ikrim.net/4#inet#fw4#vpn_domains
nftset=/ikstv.ru/4#inet#fw4#vpn_domains
nftset=/ilook.tv/4#inet#fw4#vpn_domains
nftset=/ilucki.com/4#inet#fw4#vpn_domains
nftset=/inforeactor.ru/4#inet#fw4#vpn_domains
nftset=/inlinegroup-c.ru/4#inet#fw4#vpn_domains
nftset=/inlinegroup.ru/4#inet#fw4#vpn_domains
nftset=/inlinegroup.ua/4#inet#fw4#vpn_domains
nftset=/inosmi.ru/4#inet#fw4#vpn_domains
nftset=/inst.net/4#inet#fw4#vpn_domains
nftset=/interra.bz/4#inet#fw4#vpn_domains
nftset=/ints.net/4#inet#fw4#vpn_domains
nftset=/ip-tv.club/4#inet#fw4#vpn_domains
nftset=/iptv-ru.com/4#inet#fw4#vpn_domains
nftset=/iseetv.net/4#inet#fw4#vpn_domains
nftset=/iskra-dnr.ru/4#inet#fw4#vpn_domains
nftset=/iz.ru/4#inet#fw4#vpn_domains
nftset=/izbirkom.ru/4#inet#fw4#vpn_domains
nftset=/jinopro.net/4#inet#fw4#vpn_domains
nftset=/joocasino.com/4#inet#fw4#vpn_domains
nftset=/journalcrimea.ru/4#inet#fw4#vpn_domains
nftset=/jpgazeta.ru/4#inet#fw4#vpn_domains
nftset=/kanal-o.ru/4#inet#fw4#vpn_domains
nftset=/karpov.courses/4#inet#fw4#vpn_domains
nftset=/karusel-tv.ru/4#inet#fw4#vpn_domains
nftset=/kaspersky.ru/4#inet#fw4#vpn_domains
nftset=/katyusha.tv/4#inet#fw4#vpn_domains
nftset=/kaznalnr.ru/4#inet#fw4#vpn_domains
nftset=/kcpn.info/4#inet#fw4#vpn_domains
nftset=/kga.su/4#inet#fw4#vpn_domains
nftset=/kianews24.ru/4#inet#fw4#vpn_domains
nftset=/kinopoisk.ru/4#inet#fw4#vpn_domains
nftset=/konungcasino.com/4#inet#fw4#vpn_domains
nftset=/kp.ru/4#inet#fw4#vpn_domains
nftset=/krasnodon.su/4#inet#fw4#vpn_domains
nftset=/krasnyluch.su/4#inet#fw4#vpn_domains
nftset=/labirint.ru/4#inet#fw4#vpn_domains
nftset=/lenta.ru/4#inet#fw4#vpn_domains
nftset=/leon.ru/4#inet#fw4#vpn_domains
nftset=/leonid-pasechnik.info/4#inet#fw4#vpn_domains
nftset=/lgt.su/4#inet#fw4#vpn_domains
nftset=/lifelug.su/4#inet#fw4#vpn_domains
nftset=/ligastavok.ru/4#inet#fw4#vpn_domains
nftset=/lightiptv.me/4#inet#fw4#vpn_domains
nftset=/linebet.com/4#inet#fw4#vpn_domains
nftset=/litres.ru/4#inet#fw4#vpn_domains
nftset=/livejournal.com/4#inet#fw4#vpn_domains
nftset=/lnr.media/4#inet#fw4#vpn_domains
nftset=/lnr.today/4#inet#fw4#vpn_domains
nftset=/loftschool.com/4#inet#fw4#vpn_domains
nftset=/lostarmour.info/4#inet#fw4#vpn_domains
nftset=/loyalcasino.com/4#inet#fw4#vpn_domains
nftset=/lug-info.com/4#inet#fw4#vpn_domains
nftset=/luga1news.ru/4#inet#fw4#vpn_domains
nftset=/lugansk-online.su/4#inet#fw4#vpn_domains
nftset=/lugansk.online/4#inet#fw4#vpn_domains
nftset=/lugansk.site/4#inet#fw4#vpn_domains
nftset=/lugansk1.info/4#inet#fw4#vpn_domains
nftset=/lutugino.su/4#inet#fw4#vpn_domains
nftset=/m24.ru/4#inet#fw4#vpn_domains
nftset=/mail.ru/4#inet#fw4#vpn_domains
nftset=/makeyevka.ru/4#inet#fw4#vpn_domains
nftset=/marathonbet.ru/4#inet#fw4#vpn_domains
nftset=/mchs-lnr.su/4#inet#fw4#vpn_domains
nftset=/mcxdnr.ru/4#inet#fw4#vpn_domains
nftset=/mdsdnr.ru/4#inet#fw4#vpn_domains
nftset=/media-xyz.com/4#inet#fw4#vpn_domains
nftset=/megasoft-ltd.ru/4#inet#fw4#vpn_domains
nftset=/megatransov.net/4#inet#fw4#vpn_domains
nftset=/melbet.com/4#inet#fw4#vpn_domains
nftset=/melbet.ru/4#inet#fw4#vpn_domains
nftset=/melord.net/4#inet#fw4#vpn_domains
nftset=/merlnr.su/4#inet#fw4#vpn_domains
nftset=/mgb-dnr.ru/4#inet#fw4#vpn_domains
nftset=/mgbdnr.ru/4#inet#fw4#vpn_domains
nftset=/mgblnr.org/4#inet#fw4#vpn_domains
nftset=/miaistok.su/4#inet#fw4#vpn_domains
nftset=/mid-dnr.su/4#inet#fw4#vpn_domains
nftset=/mil-lnr.info/4#inet#fw4#vpn_domains
nftset=/minfindnr.ru/4#inet#fw4#vpn_domains
nftset=/minfinlnr.su/4#inet#fw4#vpn_domains
nftset=/mininfodnr.ru/4#inet#fw4#vpn_domains
nftset=/minjust-dnr.ru/4#inet#fw4#vpn_domains
nftset=/minobr.su/4#inet#fw4#vpn_domains
nftset=/minpromlnr.su/4#inet#fw4#vpn_domains
nftset=/minstroy-dnr.ru/4#inet#fw4#vpn_domains
nftset=/minstroylnr.su/4#inet#fw4#vpn_domains
nftset=/mintek-dnr.ru/4#inet#fw4#vpn_domains
nftset=/mintop.su/4#inet#fw4#vpn_domains
nftset=/mintranslnr.su/4#inet#fw4#vpn_domains
nftset=/mintrudlnr.su/4#inet#fw4#vpn_domains
nftset=/mk.ru/4#inet#fw4#vpn_domains
nftset=/mklnr.su/4#inet#fw4#vpn_domains
nftset=/mondnr.ru/4#inet#fw4#vpn_domains
nftset=/money.ru/4#inet#fw4#vpn_domains
nftset=/moscowmedia.net/4#inet#fw4#vpn_domains
nftset=/mostbet.ru/4#inet#fw4#vpn_domains
nftset=/mozaika.dn.ua/4#inet#fw4#vpn_domains
nftset=/mprlnr.su/4#inet#fw4#vpn_domains
nftset=/mpt-dnr.ru/4#inet#fw4#vpn_domains
nftset=/mptdnr.ru/4#inet#fw4#vpn_domains
nftset=/mrespublika.ru/4#inet#fw4#vpn_domains
nftset=/msdnr.ru/4#inet#fw4#vpn_domains
nftset=/mshiplnr.su/4#inet#fw4#vpn_domains
nftset=/mskagency.ru/4#inet#fw4#vpn_domains
nftset=/mslnr.su/4#inet#fw4#vpn_domains
nftset=/mstcvfvcvb.com/4#inet#fw4#vpn_domains
nftset=/mtspdnr.ru/4#inet#fw4#vpn_domains
nftset=/mu-lnr.su/4#inet#fw4#vpn_domains
nftset=/muz1.tv/4#inet#fw4#vpn_domains
nftset=/mvd.ru/4#inet#fw4#vpn_domains
nftset=/mvddnr.ru/4#inet#fw4#vpn_domains
nftset=/mvdlnr.ru/4#inet#fw4#vpn_domains
nftset=/mzdnr.ru/4#inet#fw4#vpn_domains
nftset=/mzlnr.su/4#inet#fw4#vpn_domains
nftset=/n1casino.com/4#inet#fw4#vpn_domains
nftset=/nabu-leaks.com/4#inet#fw4#vpn_domains
nftset=/nabu-leaks.info/4#inet#fw4#vpn_domains
nftset=/nabu-leaks.net/4#inet#fw4#vpn_domains
nftset=/nabu-leaks.org/4#inet#fw4#vpn_domains
nftset=/nahnews.org/4#inet#fw4#vpn_domains
nftset=/narod.ru/4#inet#fw4#vpn_domains
nftset=/narodnoeopolchenie.ru/4#inet#fw4#vpn_domains
nftset=/nashagazeta.net/4#inet#fw4#vpn_domains
nftset=/nashe.ru/4#inet#fw4#vpn_domains
nftset=/nateks-don.ru/4#inet#fw4#vpn_domains
nftset=/nateks-dv.ru/4#inet#fw4#vpn_domains
nftset=/nateks-ural.ru/4#inet#fw4#vpn_domains
nftset=/nateks-volga.ru/4#inet#fw4#vpn_domains
nftset=/nateks.by/4#inet#fw4#vpn_domains
nftset=/nateks.ru/4#inet#fw4#vpn_domains
nftset=/nation-news.ru/4#inet#fw4#vpn_domains
nftset=/network-xyz.com/4#inet#fw4#vpn_domains
nftset=/nevelend.ru/4#inet#fw4#vpn_domains
nftset=/newinform.com/4#inet#fw4#vpn_domains
nftset=/news-front.info/4#inet#fw4#vpn_domains
nftset=/newsdnr.ru/4#inet#fw4#vpn_domains
nftset=/newsua.ru/4#inet#fw4#vpn_domains
nftset=/nm-g.ru/4#inet#fw4#vpn_domains
nftset=/nomadcasino.com/4#inet#fw4#vpn_domains
nftset=/novopressa.ru/4#inet#fw4#vpn_domains
nftset=/novorosinform.org/4#inet#fw4#vpn_domains
nftset=/novoross.info/4#inet#fw4#vpn_domains
nftset=/novorossia-tv.ru/4#inet#fw4#vpn_domains
nftset=/novorossia.su/4#inet#fw4#vpn_domains
nftset=/novorossia.today/4#inet#fw4#vpn_domains
nftset=/novorossia.vision/4#inet#fw4#vpn_domains
nftset=/novorossiatv.com/4#inet#fw4#vpn_domains
nftset=/novosti.icu/4#inet#fw4#vpn_domains
nftset=/nslnr.su/4#inet#fw4#vpn_domains
nftset=/nt1941.su/4#inet#fw4#vpn_domains
nftset=/nts-tv.com/4#inet#fw4#vpn_domains
nftset=/ntv.ru/4#inet#fw4#vpn_domains
nftset=/ntvplus.ru/4#inet#fw4#vpn_domains
nftset=/ntvplus.tv/4#inet#fw4#vpn_domains
nftset=/oddr.info/4#inet#fw4#vpn_domains
nftset=/odnarodyna.org/4#inet#fw4#vpn_domains
nftset=/odsd.ru/4#inet#fw4#vpn_domains
nftset=/ok-crimea.ru/4#inet#fw4#vpn_domains
nftset=/ok.ru/4#inet#fw4#vpn_domains
nftset=/okkupatsiya.net/4#inet#fw4#vpn_domains
nftset=/olimp.bet/4#inet#fw4#vpn_domains
nftset=/ombudsmandnr.ru/4#inet#fw4#vpn_domains
nftset=/onmedia.io/4#inet#fw4#vpn_domains
nftset=/opcrimea.ru/4#inet#fw4#vpn_domains
nftset=/oplot.tv/4#inet#fw4#vpn_domains
nftset=/otr-online.ru/4#inet#fw4#vpn_domains
nftset=/ottg.tv/4#inet#fw4#vpn_domains
nftset=/ottglanz.tv/4#inet#fw4#vpn_domains
nftset=/ottplay.com/4#inet#fw4#vpn_domains
nftset=/otus.ru/4#inet#fw4#vpn_domains
nftset=/owebmoney.ru/4#inet#fw4#vpn_domains
nftset=/ozon.ru/4#inet#fw4#vpn_domains
nftset=/paradisecasino.com/4#inet#fw4#vpn_domains
nftset=/paribet.ru/4#inet#fw4#vpn_domains
nftset=/parimatch.com/4#inet#fw4#vpn_domains
nftset=/parimatch.foundation/4#inet#fw4#vpn_domains
nftset=/parimatch.net/4#inet#fw4#vpn_domains
nftset=/parimatch.ua/4#inet#fw4#vpn_domains
nftset=/partycasino.com/4#inet#fw4#vpn_domains
nftset=/partypoker.com/4#inet#fw4#vpn_domains
nftset=/patreon.com/4#inet#fw4#vpn_domains
nftset=/paymaster.ru/4#inet#fw4#vpn_domains
nftset=/paymaster.ua/4#inet#fw4#vpn_domains
nftset=/paystree.com/4#inet#fw4#vpn_domains
nftset=/pervomaysklnr.su/4#inet#fw4#vpn_domains
nftset=/pflnr.su/4#inet#fw4#vpn_domains
nftset=/phoenix-dnr.ru/4#inet#fw4#vpn_domains
nftset=/pikinform.ru/4#inet#fw4#vpn_domains
nftset=/pinnacle.com/4#inet#fw4#vpn_domains
nftset=/pl.com.ua/4#inet#fw4#vpn_domains
nftset=/pm.ua/4#inet#fw4#vpn_domains
nftset=/pobeda.tv/4#inet#fw4#vpn_domains
nftset=/poehali.tv/4#inet#fw4#vpn_domains
nftset=/pokermatch.com/4#inet#fw4#vpn_domains
nftset=/pokermatch.ua/4#inet#fw4#vpn_domains
nftset=/politexpert.net/4#inet#fw4#vpn_domains
nftset=/politnavigator.net/4#inet#fw4#vpn_domains
nftset=/politros.com/4#inet#fw4#vpn_domains
nftset=/poolbet.ru/4#inet#fw4#vpn_domains
nftset=/postdonbass.com/4#inet#fw4#vpn_domains
nftset=/ppcrimea.ru/4#inet#fw4#vpn_domains
nftset=/pravdnr.ru/4#inet#fw4#vpn_domains
nftset=/primedice.com/4#inet#fw4#vpn_domains
nftset=/prodonbass.ru/4#inet#fw4#vpn_domains
nftset=/productstar.ru/4#inet#fw4#vpn_domains
nftset=/promedia.ru/4#inet#fw4#vpn_domains
nftset=/qiwi.com/4#inet#fw4#vpn_domains
nftset=/qiwi.kz/4#inet#fw4#vpn_domains
nftset=/qiwi.me/4#inet#fw4#vpn_domains
nftset=/qiwi.ua/4#inet#fw4#vpn_domains
nftset=/qiwiguide.ru/4#inet#fw4#vpn_domains
nftset=/qiwitrue.dev/4#inet#fw4#vpn_domains
nftset=/rabotavtaxi.pro/4#inet#fw4#vpn_domains
nftset=/radiovera.ru/4#inet#fw4#vpn_domains
nftset=/rambler.ru/4#inet#fw4#vpn_domains
nftset=/rbc.ru/4#inet#fw4#vpn_domains
nftset=/rcz-dnr.ru/4#inet#fw4#vpn_domains
nftset=/redkings.com/4#inet#fw4#vpn_domains
nftset=/redray-lnr-news.su/4#inet#fw4#vpn_domains
nftset=/redstarcasino20.eu/4#inet#fw4#vpn_domains
nftset=/ren.tv/4#inet#fw4#vpn_domains
nftset=/reporter-crimea.ru/4#inet#fw4#vpn_domains
nftset=/republic-tv.ru/4#inet#fw4#vpn_domains
nftset=/ria.ru/4#inet#fw4#vpn_domains
nftset=/riafan.ru/4#inet#fw4#vpn_domains
nftset=/rian.com.ua/4#inet#fw4#vpn_domains
nftset=/ritualdnr.ru/4#inet#fw4#vpn_domains
nftset=/rkproc.ru/4#inet#fw4#vpn_domains
nftset=/rmnews.ru/4#inet#fw4#vpn_domains
nftset=/rospotrebnadzor.ru/4#inet#fw4#vpn_domains
nftset=/roszdravnadzor.ru/4#inet#fw4#vpn_domains
nftset=/rov-adm.su/4#inet#fw4#vpn_domains
nftset=/rp24.info/4#inet#fw4#vpn_domains
nftset=/rst-dnr.ru/4#inet#fw4#vpn_domains
nftset=/rt.com/4#inet#fw4#vpn_domains
nftset=/rt.ru/4#inet#fw4#vpn_domains
nftset=/rtr-planeta.com/4#inet#fw4#vpn_domains
nftset=/rumedia24.com/4#inet#fw4#vpn_domains
nftset=/ruscrimea.ru/4#inet#fw4#vpn_domains
nftset=/rusdialog.ru/4#inet#fw4#vpn_domains
nftset=/rusmatica.org/4#inet#fw4#vpn_domains
nftset=/rusnext.ru/4#inet#fw4#vpn_domains
nftset=/russia.tv/4#inet#fw4#vpn_domains
nftset=/russian-center.ru/4#inet#fw4#vpn_domains
nftset=/rusvesna.su/4#inet#fw4#vpn_domains
nftset=/ruxpert.ru/4#inet#fw4#vpn_domains
nftset=/s8.capital/4#inet#fw4#vpn_domains
nftset=/sceptic.online/4#inet#fw4#vpn_domains
nftset=/school-xyz.com/4#inet#fw4#vpn_domains
nftset=/sev.tv/4#inet#fw4#vpn_domains
nftset=/sevastopol.press/4#inet#fw4#vpn_domains
nftset=/sf.education/4#inet#fw4#vpn_domains
nftset=/shahtersk.org/4#inet#fw4#vpn_domains
nftset=/sharij.com.ua/4#inet#fw4#vpn_domains
nftset=/sharij.net/4#inet#fw4#vpn_domains
nftset=/sharij.online/4#inet#fw4#vpn_domains
nftset=/simadm.ru/4#inet#fw4#vpn_domains
nftset=/skgazeta.su/4#inet#fw4#vpn_domains
nftset=/skillbox.ru/4#inet#fw4#vpn_domains
nftset=/skillfactory.ru/4#inet#fw4#vpn_domains
nftset=/sky.pro/4#inet#fw4#vpn_domains
nftset=/skyeng.com.ua/4#inet#fw4#vpn_domains
nftset=/skyeng.in.ua/4#inet#fw4#vpn_domains
nftset=/skyeng.ru/4#inet#fw4#vpn_domains
nftset=/skysmart.ru/4#inet#fw4#vpn_domains
nftset=/slavlnr.su/4#inet#fw4#vpn_domains
nftset=/slavvesti.su/4#inet#fw4#vpn_domains
nftset=/smartwm.ru/4#inet#fw4#vpn_domains
nftset=/smdnr.ru/4#inet#fw4#vpn_domains
nftset=/smi2.ru/4#inet#fw4#vpn_domains
nftset=/smotrim.ru/4#inet#fw4#vpn_domains
nftset=/sobranie-casino.com/4#inet#fw4#vpn_domains
nftset=/sovminlnr.ru/4#inet#fw4#vpn_domains
nftset=/sovminlnr.su/4#inet#fw4#vpn_domains
nftset=/sp-rc.ru/4#inet#fw4#vpn_domains
nftset=/sportloto.ru/4#inet#fw4#vpn_domains
nftset=/sputniknews.com/4#inet#fw4#vpn_domains
nftset=/stakhanov.su/4#inet#fw4#vpn_domains
nftset=/star-bet.ru/4#inet#fw4#vpn_domains
nftset=/starobeshevo.ru/4#inet#fw4#vpn_domains
nftset=/stepik.org/4#inet#fw4#vpn_domains
nftset=/stnmoscow.ru/4#inet#fw4#vpn_domains
nftset=/stoletie.ru/4#inet#fw4#vpn_domains
nftset=/strana.digital/4#inet#fw4#vpn_domains
nftset=/strana.news/4#inet#fw4#vpn_domains
nftset=/strana.one/4#inet#fw4#vpn_domains
nftset=/strana.today/4#inet#fw4#vpn_domains
nftset=/strana.ua/4#inet#fw4#vpn_domains
nftset=/stv92.ru/4#inet#fw4#vpn_domains
nftset=/sudrf.ru/4#inet#fw4#vpn_domains
nftset=/supcourt-dpr.su/4#inet#fw4#vpn_domains
nftset=/svk-portal.su/4#inet#fw4#vpn_domains
nftset=/svpressa.ru/4#inet#fw4#vpn_domains
nftset=/szstakhanov.su/4#inet#fw4#vpn_domains
nftset=/tass.ru/4#inet#fw4#vpn_domains
nftset=/taxi-yandex.com.ua/4#inet#fw4#vpn_domains
nftset=/taxi-yandex.kiev.ua/4#inet#fw4#vpn_domains
nftset=/telecafe.ru/4#inet#fw4#vpn_domains
nftset=/telecomsite.ru/4#inet#fw4#vpn_domains
nftset=/telekanal-oplot.tv/4#inet#fw4#vpn_domains
nftset=/telesputnik.ru/4#inet#fw4#vpn_domains
nftset=/telmanovo-dnr.ru/4#inet#fw4#vpn_domains
nftset=/tennisi.bet/4#inet#fw4#vpn_domains
nftset=/tfomsrk.ru/4#inet#fw4#vpn_domains
nftset=/tk-union.tv/4#inet#fw4#vpn_domains
nftset=/tnt-online.ru/4#inet#fw4#vpn_domains
nftset=/tochka.com/4#inet#fw4#vpn_domains
nftset=/top-academy.ru/4#inet#fw4#vpn_domains
nftset=/topiptv.info/4#inet#fw4#vpn_domains
nftset=/torez24.ru/4#inet#fw4#vpn_domains
nftset=/tppdnr.ru/4#inet#fw4#vpn_domains
nftset=/trkmillet.ru/4#inet#fw4#vpn_domains
nftset=/trudgor.su/4#inet#fw4#vpn_domains
nftset=/trudslava.su/4#inet#fw4#vpn_domains
nftset=/tsiklnr.su/4#inet#fw4#vpn_domains
nftset=/tvc.ru/4#inet#fw4#vpn_domains
nftset=/tvkultura.ru/4#inet#fw4#vpn_domains
nftset=/tvlider.net/4#inet#fw4#vpn_domains
nftset=/tvoetv.in.ua/4#inet#fw4#vpn_domains
nftset=/tvzvezda.ru/4#inet#fw4#vpn_domains
nftset=/ucoz.org/4#inet#fw4#vpn_domains
nftset=/ugletele.com/4#inet#fw4#vpn_domains
nftset=/ukraina.ru/4#inet#fw4#vpn_domains
nftset=/ukraine.ru/4#inet#fw4#vpn_domains
nftset=/umi.ru/4#inet#fw4#vpn_domains
nftset=/uscrimea.ru/4#inet#fw4#vpn_domains
nftset=/utro.ru/4#inet#fw4#vpn_domains
nftset=/uzhhorod.today/4#inet#fw4#vpn_domains
nftset=/vedomosti.ru/4#inet#fw4#vpn_domains
nftset=/versia.ru/4#inet#fw4#vpn_domains
nftset=/vesti-k.ru/4#inet#fw4#vpn_domains
nftset=/vesti.ru/4#inet#fw4#vpn_domains
nftset=/vesti92.ru/4#inet#fw4#vpn_domains
nftset=/vgl-sport.ru/4#inet#fw4#vpn_domains
nftset=/vgtrk.com/4#inet#fw4#vpn_domains
nftset=/vipdrive.net/4#inet#fw4#vpn_domains
nftset=/vitrina.tv/4#inet#fw4#vpn_domains
nftset=/vk.com/4#inet#fw4#vpn_domains
nftset=/vmakeevke.com/4#inet#fw4#vpn_domains
nftset=/vodadonbassa.ru/4#inet#fw4#vpn_domains
nftset=/voicesevas.ru/4#inet#fw4#vpn_domains
nftset=/voloshyna.org.ua/4#inet#fw4#vpn_domains
nftset=/voltbet.ru/4#inet#fw4#vpn_domains
nftset=/voskhodinfo.su/4#inet#fw4#vpn_domains
nftset=/vperedlnr.su/4#inet#fw4#vpn_domains
nftset=/vremya.tv/4#inet#fw4#vpn_domains
nftset=/vsednr.ru/4#inet#fw4#vpn_domains
nftset=/web-moneta.com/4#inet#fw4#vpn_domains
nftset=/web-money.ru/4#inet#fw4#vpn_domains
nftset=/web.com/4#inet#fw4#vpn_domains
nftset=/webmoney-keeper.ru/4#inet#fw4#vpn_domains
nftset=/webmoney.by/4#inet#fw4#vpn_domains
nftset=/webmoney.com.ua/4#inet#fw4#vpn_domains
nftset=/webmoney.ru/4#inet#fw4#vpn_domains
nftset=/webmoney.ua/4#inet#fw4#vpn_domains
nftset=/wildberries.am/4#inet#fw4#vpn_domains
nftset=/wildberries.by/4#inet#fw4#vpn_domains
nftset=/wildberries.eu/4#inet#fw4#vpn_domains
nftset=/wildberries.kg/4#inet#fw4#vpn_domains
nftset=/wildberries.kz/4#inet#fw4#vpn_domains
nftset=/wildberries.ru/4#inet#fw4#vpn_domains
nftset=/wildberries.ua/4#inet#fw4#vpn_domains
nftset=/winline.ru/4#inet#fw4#vpn_domains
nftset=/wm-factor.com.ua/4#inet#fw4#vpn_domains
nftset=/wmchanger.com/4#inet#fw4#vpn_domains
nftset=/wmeuro.eu/4#inet#fw4#vpn_domains
nftset=/wmid.com/4#inet#fw4#vpn_domains
nftset=/wmsite.ru/4#inet#fw4#vpn_domains
nftset=/wmtransfer.com/4#inet#fw4#vpn_domains
nftset=/wmx.ru/4#inet#fw4#vpn_domains
nftset=/worldpress.com/4#inet#fw4#vpn_domains
nftset=/x-bet.co/4#inet#fw4#vpn_domains
nftset=/xxiveklnr.su/4#inet#fw4#vpn_domains
nftset=/yalta-tv.ru/4#inet#fw4#vpn_domains
nftset=/yaltatv.ru/4#inet#fw4#vpn_domains
nftset=/yandex-taxi.com.ua/4#inet#fw4#vpn_domains
nftset=/yandex.ru/4#inet#fw4#vpn_domains
nftset=/yandex.ua/4#inet#fw4#vpn_domains
nftset=/yandexdatafactory.com/4#inet#fw4#vpn_domains
nftset=/yandextaksiua.com.ua/4#inet#fw4#vpn_domains
nftset=/yandextaxi.com.ua/4#inet#fw4#vpn_domains
nftset=/yandextaxi.kiev.ua/4#inet#fw4#vpn_domains
nftset=/yasispolkom.ru/4#inet#fw4#vpn_domains
nftset=/yataxi.com.ua/4#inet#fw4#vpn_domains
nftset=/yataxi.net/4#inet#fw4#vpn_domains
nftset=/yookassa.ru/4#inet#fw4#vpn_domains
nftset=/yoomoney.ru/4#inet#fw4#vpn_domains
nftset=/yoomoney.website/4#inet#fw4#vpn_domains
nftset=/yumoney.ru/4#inet#fw4#vpn_domains
nftset=/zavtra.ru/4#inet#fw4#vpn_domains
nftset=/zedom.net/4#inet#fw4#vpn_domains
nftset=/zenit.win/4#inet#fw4#vpn_domains
nftset=/zerocoder.ru/4#inet#fw4#vpn_domains
nftset=/zhdanovka.com/4#inet#fw4#vpn_domains
