ipset=/1c-umi.ru/vpn_domains
ipset=/1cent.in/vpn_domains
ipset=/1cent.tv/vpn_domains
ipset=/1cupis.ru/vpn_domains
ipset=/1tv.com/vpn_domains
ipset=/1tv.ru/vpn_domains
ipset=/1tvcrimea.ru/vpn_domains
ipset=/1x-bet.com/vpn_domains
ipset=/1xbet.com/vpn_domains
ipset=/1xslots-online.com/vpn_domains
ipset=/1xstavka.ru/vpn_domains
ipset=/21casino.com/vpn_domains
ipset=/22bet.com/vpn_domains
ipset=/24kcasino.com/vpn_domains
ipset=/3dn.ru/vpn_domains
ipset=/5-tv.ru/vpn_domains
ipset=/777.com/vpn_domains
ipset=/888.ru/vpn_domains
ipset=/abet.ru/vpn_domains
ipset=/academyit.ru/vpn_domains
ipset=/achtungpartisanen.ru/vpn_domains
ipset=/admin-gorlovka.ru/vpn_domains
ipset=/agklnr.su/vpn_domains
ipset=/agoravox.tv/vpn_domains
ipset=/alchevsk.su/vpn_domains
ipset=/algoritmika.org/vpn_domains
ipset=/allcrimea.net/vpn_domains
ipset=/altaipalace.net/vpn_domains
ipset=/anna-news.info/vpn_domains
ipset=/antifashist.com/vpn_domains
ipset=/antifriz.tv/vpn_domains
ipset=/antimaydan.info/vpn_domains
ipset=/antr-adm.ru/vpn_domains
ipset=/antratsit.su/vpn_domains
ipset=/aprlnr.su/vpn_domains
ipset=/argocasino50.com/vpn_domains
ipset=/armgov.ru/vpn_domains
ipset=/artv-news.ru/vpn_domains
ipset=/asd.news/vpn_domains
ipset=/asketlnr.su/vpn_domains
ipset=/asssr.info/vpn_domains
ipset=/astrabet.ru/vpn_domains
ipset=/au-donetsk.ru/vpn_domains
ipset=/auto.ru/vpn_domains
ipset=/avtopribor.ru/vpn_domains
ipset=/baltbet.ru/vpn_domains
ipset=/begemot.media/vpn_domains
ipset=/bet365.ru/vpn_domains
ipset=/betboom.ru/vpn_domains
ipset=/betchain.com/vpn_domains
ipset=/betchplp.xyz/vpn_domains
ipset=/betcity.ru/vpn_domains
ipset=/betring.org/vpn_domains
ipset=/bettery.ru/vpn_domains
ipset=/betwinner.com/vpn_domains
ipset=/bg14.org/vpn_domains
ipset=/billingtv.net/vpn_domains
ipset=/bitcoincasino.us/vpn_domains
ipset=/bitrix24.site/vpn_domains
ipset=/biz.ua/vpn_domains
ipset=/bizdnr.ru/vpn_domains
ipset=/blogspot.com/vpn_domains
ipset=/bmpvsu.ru/vpn_domains
ipset=/bober-tv.ru/vpn_domains
ipset=/bookmate.com/vpn_domains
ipset=/britannia-kaliningrad.ru/vpn_domains
ipset=/brunoyam.com/vpn_domains
ipset=/bryanka.su/vpn_domains
ipset=/bwin.ru/vpn_domains
ipset=/c-eho.info/vpn_domains
ipset=/c-inform.info/vpn_domains
ipset=/c-pravda.ru/vpn_domains
ipset=/cambridgecentre.ru/vpn_domains
ipset=/capitaller.ru/vpn_domains
ipset=/cardsharingserver.tv/vpn_domains
ipset=/casinotoken.com/vpn_domains
ipset=/cbilling.biz/vpn_domains
ipset=/cbilling.in/vpn_domains
ipset=/cbilling.pw/vpn_domains
ipset=/cbillingtv.net/vpn_domains
ipset=/changamireltd.com/vpn_domains
ipset=/cikdnr.su/vpn_domains
ipset=/cloudbet.com/vpn_domains
ipset=/clubpixel.ru/vpn_domains
ipset=/cmh.ru/vpn_domains
ipset=/coddyschool.com/vpn_domains
ipset=/com.ru/vpn_domains
ipset=/comitet.su/vpn_domains
ipset=/contactpay.com/vpn_domains
ipset=/crb-dnr.ru/vpn_domains
ipset=/crimea-news.com/vpn_domains
ipset=/crimea-radio.ru/vpn_domains
ipset=/crimea24.tv/vpn_domains
ipset=/crimeapress.info/vpn_domains
ipset=/dan-news.info/vpn_domains
ipset=/debalcevo-dnr.ru/vpn_domains
ipset=/denis-pushilin.info/vpn_domains
ipset=/denis-pushilin.ru/vpn_domains
ipset=/digitalrussia.tv/vpn_domains
ipset=/djankoiadm.ru/vpn_domains
ipset=/dnipress.com/vpn_domains
ipset=/dnmchs.ru/vpn_domains
ipset=/dnr-hotline.ru/vpn_domains
ipset=/dnr-life.ru/vpn_domains
ipset=/dnr-live.ru/vpn_domains
ipset=/dnr-news.com/vpn_domains
ipset=/dnr-online.ru/vpn_domains
ipset=/dnr-pravda.ru/vpn_domains
ipset=/dnr24.com/vpn_domains
ipset=/dnr24.su/vpn_domains
ipset=/dnrailway.ru/vpn_domains
ipset=/dnronlane.su/vpn_domains
ipset=/dnrsovet.su/vpn_domains
ipset=/do-mein.ru/vpn_domains
ipset=/domkino-premium.tv/vpn_domains
ipset=/domkino.tv/vpn_domains
ipset=/dommintrans.ru/vpn_domains
ipset=/donbass-insider.com/vpn_domains
ipset=/donbass.media/vpn_domains
ipset=/donbasstoday.ru/vpn_domains
ipset=/doncsm.ru/vpn_domains
ipset=/doneast.su/vpn_domains
ipset=/donetsk-france.org/vpn_domains
ipset=/donmarkets.ru/vpn_domains
ipset=/donmintrans.ru/vpn_domains
ipset=/donnu.ru/vpn_domains
ipset=/dontimes.ru/vpn_domains
ipset=/drweb.ru/vpn_domains
ipset=/e-news.su/vpn_domains
ipset=/econri.org/vpn_domains
ipset=/edem.tv/vpn_domains
ipset=/edemtv.me/vpn_domains
ipset=/eduson.academy/vpn_domains
ipset=/elmi.ua/vpn_domains
ipset=/enakievo.org/vpn_domains
ipset=/eramedia.com.ua/vpn_domains
ipset=/euslot.com/vpn_domains
ipset=/exchanger.money/vpn_domains
ipset=/exchanger.ru/vpn_domains
ipset=/fastpay-casino.com/vpn_domains
ipset=/fgi-lnr.su/vpn_domains
ipset=/finbet.bet/vpn_domains
ipset=/findexiq.com/vpn_domains
ipset=/fon.bet/vpn_domains
ipset=/fonbet.ru/vpn_domains
ipset=/forma-box.ru/vpn_domains
ipset=/fox-tv.fun/vpn_domains
ipset=/fpdnr.ru/vpn_domains
ipset=/fplnr.org/vpn_domains
ipset=/freedom.kiev.ua/vpn_domains
ipset=/fsnslnr.su/vpn_domains
ipset=/fss.ru/vpn_domains
ipset=/fssprus.ru/vpn_domains
ipset=/gameassists.co.uk/vpn_domains
ipset=/gazeta-dnr.ru/vpn_domains
ipset=/gazeta.ru/vpn_domains
ipset=/gazetacrimea.ru/vpn_domains
ipset=/gb-dnr.com/vpn_domains
ipset=/gb.ru/vpn_domains
ipset=/gdcert.com/vpn_domains
ipset=/geopolitika.ru/vpn_domains
ipset=/ggbet.ru/vpn_domains
ipset=/gisnpa-dnr.ru/vpn_domains
ipset=/gkecopoldnr.ru/vpn_domains
ipset=/gkgtn.ru/vpn_domains
ipset=/gknslnr.su/vpn_domains
ipset=/gkslnr.su/vpn_domains
ipset=/gktrlnr.su/vpn_domains
ipset=/glava-lnr.info/vpn_domains
ipset=/glava-lnr.su/vpn_domains
ipset=/gle.ru/vpn_domains
ipset=/goldfishka68.com/vpn_domains
ipset=/golospravdy.com/vpn_domains
ipset=/gomel-sat.bz/vpn_domains
ipset=/gorlovka-news.su/vpn_domains
ipset=/gorlovka-tv.ru/vpn_domains
ipset=/gorlovka.today/vpn_domains
ipset=/gorod-donetsk.com/vpn_domains
ipset=/gorod-lugansk.com/vpn_domains
ipset=/goskomzemdnr.ru/vpn_domains
ipset=/goskomzemlnr.su/vpn_domains
ipset=/gosnadzorlnr.ru/vpn_domains
ipset=/gosrezervlnr.su/vpn_domains
ipset=/gosstat-dnr.ru/vpn_domains
ipset=/gostrud-dnr.ru/vpn_domains
ipset=/gov.ru/vpn_domains
ipset=/govdnr.ru/vpn_domains
ipset=/gpdnr.su/vpn_domains
ipset=/gplnr.su/vpn_domains
ipset=/grandx.com/vpn_domains
ipset=/group-ib.ru/vpn_domains
ipset=/gsdsd-dnr.ru/vpn_domains
ipset=/gt-news.info/vpn_domains
ipset=/gtklnr.su/vpn_domains
ipset=/gtrklnr.su/vpn_domains
ipset=/gtrlnr.com/vpn_domains
ipset=/guarantee.ru/vpn_domains
ipset=/gum-centr.su/vpn_domains
ipset=/guprec.ru/vpn_domains
ipset=/hexlet.io/vpn_domains
ipset=/howto-news.info/vpn_domains
ipset=/howtonews.info/vpn_domains
ipset=/htmlacademy.ru/vpn_domains
ipset=/i-don.ru/vpn_domains
ipset=/i-edem.tv/vpn_domains
ipset=/iedem.tv/vpn_domains
ipset=/ikrim.net/vpn_domains
ipset=/ikstv.ru/vpn_domains
ipset=/ilook.tv/vpn_domains
ipset=/ilucki.com/vpn_domains
ipset=/inforeactor.ru/vpn_domains
ipset=/inlinegroup-c.ru/vpn_domains
ipset=/inlinegroup.ru/vpn_domains
ipset=/inlinegroup.ua/vpn_domains
ipset=/inosmi.ru/vpn_domains
ipset=/inst.net/vpn_domains
ipset=/interra.bz/vpn_domains
ipset=/ints.net/vpn_domains
ipset=/ip-tv.club/vpn_domains
ipset=/iptv-ru.com/vpn_domains
ipset=/iseetv.net/vpn_domains
ipset=/iskra-dnr.ru/vpn_domains
ipset=/iz.ru/vpn_domains
ipset=/izbirkom.ru/vpn_domains
ipset=/jinopro.net/vpn_domains
ipset=/joocasino.com/vpn_domains
ipset=/journalcrimea.ru/vpn_domains
ipset=/jpgazeta.ru/vpn_domains
ipset=/kanal-o.ru/vpn_domains
ipset=/karpov.courses/vpn_domains
ipset=/karusel-tv.ru/vpn_domains
ipset=/kaspersky.ru/vpn_domains
ipset=/katyusha.tv/vpn_domains
ipset=/kaznalnr.ru/vpn_domains
ipset=/kcpn.info/vpn_domains
ipset=/kga.su/vpn_domains
ipset=/kianews24.ru/vpn_domains
ipset=/kinopoisk.ru/vpn_domains
ipset=/konungcasino.com/vpn_domains
ipset=/kp.ru/vpn_domains
ipset=/krasnodon.su/vpn_domains
ipset=/krasnyluch.su/vpn_domains
ipset=/labirint.ru/vpn_domains
ipset=/lenta.ru/vpn_domains
ipset=/leon.ru/vpn_domains
ipset=/leonid-pasechnik.info/vpn_domains
ipset=/lgt.su/vpn_domains
ipset=/lifelug.su/vpn_domains
ipset=/ligastavok.ru/vpn_domains
ipset=/lightiptv.me/vpn_domains
ipset=/linebet.com/vpn_domains
ipset=/litres.ru/vpn_domains
ipset=/livejournal.com/vpn_domains
ipset=/lnr.media/vpn_domains
ipset=/lnr.today/vpn_domains
ipset=/loftschool.com/vpn_domains
ipset=/lostarmour.info/vpn_domains
ipset=/loyalcasino.com/vpn_domains
ipset=/lug-info.com/vpn_domains
ipset=/luga1news.ru/vpn_domains
ipset=/lugansk-online.su/vpn_domains
ipset=/lugansk.online/vpn_domains
ipset=/lugansk.site/vpn_domains
ipset=/lugansk1.info/vpn_domains
ipset=/lutugino.su/vpn_domains
ipset=/m24.ru/vpn_domains
ipset=/mail.ru/vpn_domains
ipset=/makeyevka.ru/vpn_domains
ipset=/marathonbet.ru/vpn_domains
ipset=/mchs-lnr.su/vpn_domains
ipset=/mcxdnr.ru/vpn_domains
ipset=/mdsdnr.ru/vpn_domains
ipset=/media-xyz.com/vpn_domains
ipset=/megasoft-ltd.ru/vpn_domains
ipset=/megatransov.net/vpn_domains
ipset=/melbet.com/vpn_domains
ipset=/melbet.ru/vpn_domains
ipset=/melord.net/vpn_domains
ipset=/merlnr.su/vpn_domains
ipset=/mgb-dnr.ru/vpn_domains
ipset=/mgbdnr.ru/vpn_domains
ipset=/mgblnr.org/vpn_domains
ipset=/miaistok.su/vpn_domains
ipset=/mid-dnr.su/vpn_domains
ipset=/mil-lnr.info/vpn_domains
ipset=/minfindnr.ru/vpn_domains
ipset=/minfinlnr.su/vpn_domains
ipset=/mininfodnr.ru/vpn_domains
ipset=/minjust-dnr.ru/vpn_domains
ipset=/minobr.su/vpn_domains
ipset=/minpromlnr.su/vpn_domains
ipset=/minstroy-dnr.ru/vpn_domains
ipset=/minstroylnr.su/vpn_domains
ipset=/mintek-dnr.ru/vpn_domains
ipset=/mintop.su/vpn_domains
ipset=/mintranslnr.su/vpn_domains
ipset=/mintrudlnr.su/vpn_domains
ipset=/mk.ru/vpn_domains
ipset=/mklnr.su/vpn_domains
ipset=/mondnr.ru/vpn_domains
ipset=/money.ru/vpn_domains
ipset=/moscowmedia.net/vpn_domains
ipset=/mostbet.ru/vpn_domains
ipset=/mozaika.dn.ua/vpn_domains
ipset=/mprlnr.su/vpn_domains
ipset=/mpt-dnr.ru/vpn_domains
ipset=/mptdnr.ru/vpn_domains
ipset=/mrespublika.ru/vpn_domains
ipset=/msdnr.ru/vpn_domains
ipset=/mshiplnr.su/vpn_domains
ipset=/mskagency.ru/vpn_domains
ipset=/mslnr.su/vpn_domains
ipset=/mstcvfvcvb.com/vpn_domains
ipset=/mtspdnr.ru/vpn_domains
ipset=/mu-lnr.su/vpn_domains
ipset=/muz1.tv/vpn_domains
ipset=/mvd.ru/vpn_domains
ipset=/mvddnr.ru/vpn_domains
ipset=/mvdlnr.ru/vpn_domains
ipset=/mzdnr.ru/vpn_domains
ipset=/mzlnr.su/vpn_domains
ipset=/n1casino.com/vpn_domains
ipset=/nabu-leaks.com/vpn_domains
ipset=/nabu-leaks.info/vpn_domains
ipset=/nabu-leaks.net/vpn_domains
ipset=/nabu-leaks.org/vpn_domains
ipset=/nahnews.org/vpn_domains
ipset=/narod.ru/vpn_domains
ipset=/narodnoeopolchenie.ru/vpn_domains
ipset=/nashagazeta.net/vpn_domains
ipset=/nashe.ru/vpn_domains
ipset=/nateks-don.ru/vpn_domains
ipset=/nateks-dv.ru/vpn_domains
ipset=/nateks-ural.ru/vpn_domains
ipset=/nateks-volga.ru/vpn_domains
ipset=/nateks.by/vpn_domains
ipset=/nateks.ru/vpn_domains
ipset=/nation-news.ru/vpn_domains
ipset=/network-xyz.com/vpn_domains
ipset=/nevelend.ru/vpn_domains
ipset=/newinform.com/vpn_domains
ipset=/news-front.info/vpn_domains
ipset=/newsdnr.ru/vpn_domains
ipset=/newsua.ru/vpn_domains
ipset=/nm-g.ru/vpn_domains
ipset=/nomadcasino.com/vpn_domains
ipset=/novopressa.ru/vpn_domains
ipset=/novorosinform.org/vpn_domains
ipset=/novoross.info/vpn_domains
ipset=/novorossia-tv.ru/vpn_domains
ipset=/novorossia.su/vpn_domains
ipset=/novorossia.today/vpn_domains
ipset=/novorossia.vision/vpn_domains
ipset=/novorossiatv.com/vpn_domains
ipset=/novosti.icu/vpn_domains
ipset=/nslnr.su/vpn_domains
ipset=/nt1941.su/vpn_domains
ipset=/nts-tv.com/vpn_domains
ipset=/ntv.ru/vpn_domains
ipset=/ntvplus.ru/vpn_domains
ipset=/ntvplus.tv/vpn_domains
ipset=/oddr.info/vpn_domains
ipset=/odnarodyna.org/vpn_domains
ipset=/odsd.ru/vpn_domains
ipset=/ok-crimea.ru/vpn_domains
ipset=/ok.ru/vpn_domains
ipset=/okkupatsiya.net/vpn_domains
ipset=/olimp.bet/vpn_domains
ipset=/ombudsmandnr.ru/vpn_domains
ipset=/onmedia.io/vpn_domains
ipset=/opcrimea.ru/vpn_domains
ipset=/oplot.tv/vpn_domains
ipset=/otr-online.ru/vpn_domains
ipset=/ottg.tv/vpn_domains
ipset=/ottglanz.tv/vpn_domains
ipset=/ottplay.com/vpn_domains
ipset=/otus.ru/vpn_domains
ipset=/owebmoney.ru/vpn_domains
ipset=/ozon.ru/vpn_domains
ipset=/paradisecasino.com/vpn_domains
ipset=/paribet.ru/vpn_domains
ipset=/parimatch.com/vpn_domains
ipset=/parimatch.foundation/vpn_domains
ipset=/parimatch.net/vpn_domains
ipset=/parimatch.ua/vpn_domains
ipset=/partycasino.com/vpn_domains
ipset=/partypoker.com/vpn_domains
ipset=/patreon.com/vpn_domains
ipset=/paymaster.ru/vpn_domains
ipset=/paymaster.ua/vpn_domains
ipset=/paystree.com/vpn_domains
ipset=/pervomaysklnr.su/vpn_domains
ipset=/pflnr.su/vpn_domains
ipset=/phoenix-dnr.ru/vpn_domains
ipset=/pikinform.ru/vpn_domains
ipset=/pinnacle.com/vpn_domains
ipset=/pl.com.ua/vpn_domains
ipset=/pm.ua/vpn_domains
ipset=/pobeda.tv/vpn_domains
ipset=/poehali.tv/vpn_domains
ipset=/pokermatch.com/vpn_domains
ipset=/pokermatch.ua/vpn_domains
ipset=/politexpert.net/vpn_domains
ipset=/politnavigator.net/vpn_domains
ipset=/politros.com/vpn_domains
ipset=/poolbet.ru/vpn_domains
ipset=/postdonbass.com/vpn_domains
ipset=/ppcrimea.ru/vpn_domains
ipset=/pravdnr.ru/vpn_domains
ipset=/primedice.com/vpn_domains
ipset=/prodonbass.ru/vpn_domains
ipset=/productstar.ru/vpn_domains
ipset=/promedia.ru/vpn_domains
ipset=/qiwi.com/vpn_domains
ipset=/qiwi.kz/vpn_domains
ipset=/qiwi.me/vpn_domains
ipset=/qiwi.ua/vpn_domains
ipset=/qiwiguide.ru/vpn_domains
ipset=/qiwitrue.dev/vpn_domains
ipset=/rabotavtaxi.pro/vpn_domains
ipset=/radiovera.ru/vpn_domains
ipset=/rambler.ru/vpn_domains
ipset=/rbc.ru/vpn_domains
ipset=/rcz-dnr.ru/vpn_domains
ipset=/redkings.com/vpn_domains
ipset=/redray-lnr-news.su/vpn_domains
ipset=/redstarcasino20.eu/vpn_domains
ipset=/ren.tv/vpn_domains
ipset=/reporter-crimea.ru/vpn_domains
ipset=/republic-tv.ru/vpn_domains
ipset=/ria.ru/vpn_domains
ipset=/riafan.ru/vpn_domains
ipset=/rian.com.ua/vpn_domains
ipset=/ritualdnr.ru/vpn_domains
ipset=/rkproc.ru/vpn_domains
ipset=/rmnews.ru/vpn_domains
ipset=/rospotrebnadzor.ru/vpn_domains
ipset=/roszdravnadzor.ru/vpn_domains
ipset=/rov-adm.su/vpn_domains
ipset=/rp24.info/vpn_domains
ipset=/rst-dnr.ru/vpn_domains
ipset=/rt.com/vpn_domains
ipset=/rt.ru/vpn_domains
ipset=/rtr-planeta.com/vpn_domains
ipset=/rumedia24.com/vpn_domains
ipset=/ruscrimea.ru/vpn_domains
ipset=/rusdialog.ru/vpn_domains
ipset=/rusmatica.org/vpn_domains
ipset=/rusnext.ru/vpn_domains
ipset=/russia.tv/vpn_domains
ipset=/russian-center.ru/vpn_domains
ipset=/rusvesna.su/vpn_domains
ipset=/ruxpert.ru/vpn_domains
ipset=/s8.capital/vpn_domains
ipset=/sceptic.online/vpn_domains
ipset=/school-xyz.com/vpn_domains
ipset=/sev.tv/vpn_domains
ipset=/sevastopol.press/vpn_domains
ipset=/sf.education/vpn_domains
ipset=/shahtersk.org/vpn_domains
ipset=/sharij.com.ua/vpn_domains
ipset=/sharij.net/vpn_domains
ipset=/sharij.online/vpn_domains
ipset=/simadm.ru/vpn_domains
ipset=/skgazeta.su/vpn_domains
ipset=/skillbox.ru/vpn_domains
ipset=/skillfactory.ru/vpn_domains
ipset=/sky.pro/vpn_domains
ipset=/skyeng.com.ua/vpn_domains
ipset=/skyeng.in.ua/vpn_domains
ipset=/skyeng.ru/vpn_domains
ipset=/skysmart.ru/vpn_domains
ipset=/slavlnr.su/vpn_domains
ipset=/slavvesti.su/vpn_domains
ipset=/smartwm.ru/vpn_domains
ipset=/smdnr.ru/vpn_domains
ipset=/smi2.ru/vpn_domains
ipset=/smotrim.ru/vpn_domains
ipset=/sobranie-casino.com/vpn_domains
ipset=/sovminlnr.ru/vpn_domains
ipset=/sovminlnr.su/vpn_domains
ipset=/sp-rc.ru/vpn_domains
ipset=/sportloto.ru/vpn_domains
ipset=/sputniknews.com/vpn_domains
ipset=/stakhanov.su/vpn_domains
ipset=/star-bet.ru/vpn_domains
ipset=/starobeshevo.ru/vpn_domains
ipset=/stepik.org/vpn_domains
ipset=/stnmoscow.ru/vpn_domains
ipset=/stoletie.ru/vpn_domains
ipset=/strana.digital/vpn_domains
ipset=/strana.news/vpn_domains
ipset=/strana.one/vpn_domains
ipset=/strana.today/vpn_domains
ipset=/strana.ua/vpn_domains
ipset=/stv92.ru/vpn_domains
ipset=/sudrf.ru/vpn_domains
ipset=/supcourt-dpr.su/vpn_domains
ipset=/svk-portal.su/vpn_domains
ipset=/svpressa.ru/vpn_domains
ipset=/szstakhanov.su/vpn_domains
ipset=/tass.ru/vpn_domains
ipset=/taxi-yandex.com.ua/vpn_domains
ipset=/taxi-yandex.kiev.ua/vpn_domains
ipset=/telecafe.ru/vpn_domains
ipset=/telecomsite.ru/vpn_domains
ipset=/telekanal-oplot.tv/vpn_domains
ipset=/telesputnik.ru/vpn_domains
ipset=/telmanovo-dnr.ru/vpn_domains
ipset=/tennisi.bet/vpn_domains
ipset=/tfomsrk.ru/vpn_domains
ipset=/tk-union.tv/vpn_domains
ipset=/tnt-online.ru/vpn_domains
ipset=/tochka.com/vpn_domains
ipset=/top-academy.ru/vpn_domains
ipset=/topiptv.info/vpn_domains
ipset=/torez24.ru/vpn_domains
ipset=/tppdnr.ru/vpn_domains
ipset=/trkmillet.ru/vpn_domains
ipset=/trudgor.su/vpn_domains
ipset=/trudslava.su/vpn_domains
ipset=/tsiklnr.su/vpn_domains
ipset=/tvc.ru/vpn_domains
ipset=/tvkultura.ru/vpn_domains
ipset=/tvlider.net/vpn_domains
ipset=/tvoetv.in.ua/vpn_domains
ipset=/tvzvezda.ru/vpn_domains
ipset=/ucoz.org/vpn_domains
ipset=/ugletele.com/vpn_domains
ipset=/ukraina.ru/vpn_domains
ipset=/ukraine.ru/vpn_domains
ipset=/umi.ru/vpn_domains
ipset=/uscrimea.ru/vpn_domains
ipset=/utro.ru/vpn_domains
ipset=/uzhhorod.today/vpn_domains
ipset=/vedomosti.ru/vpn_domains
ipset=/versia.ru/vpn_domains
ipset=/vesti-k.ru/vpn_domains
ipset=/vesti.ru/vpn_domains
ipset=/vesti92.ru/vpn_domains
ipset=/vgl-sport.ru/vpn_domains
ipset=/vgtrk.com/vpn_domains
ipset=/vipdrive.net/vpn_domains
ipset=/vitrina.tv/vpn_domains
ipset=/vk.com/vpn_domains
ipset=/vmakeevke.com/vpn_domains
ipset=/vodadonbassa.ru/vpn_domains
ipset=/voicesevas.ru/vpn_domains
ipset=/voloshyna.org.ua/vpn_domains
ipset=/voltbet.ru/vpn_domains
ipset=/voskhodinfo.su/vpn_domains
ipset=/vperedlnr.su/vpn_domains
ipset=/vremya.tv/vpn_domains
ipset=/vsednr.ru/vpn_domains
ipset=/web-moneta.com/vpn_domains
ipset=/web-money.ru/vpn_domains
ipset=/web.com/vpn_domains
ipset=/webmoney-keeper.ru/vpn_domains
ipset=/webmoney.by/vpn_domains
ipset=/webmoney.com.ua/vpn_domains
ipset=/webmoney.ru/vpn_domains
ipset=/webmoney.ua/vpn_domains
ipset=/wildberries.am/vpn_domains
ipset=/wildberries.by/vpn_domains
ipset=/wildberries.eu/vpn_domains
ipset=/wildberries.kg/vpn_domains
ipset=/wildberries.kz/vpn_domains
ipset=/wildberries.ru/vpn_domains
ipset=/wildberries.ua/vpn_domains
ipset=/winline.ru/vpn_domains
ipset=/wm-factor.com.ua/vpn_domains
ipset=/wmchanger.com/vpn_domains
ipset=/wmeuro.eu/vpn_domains
ipset=/wmid.com/vpn_domains
ipset=/wmsite.ru/vpn_domains
ipset=/wmtransfer.com/vpn_domains
ipset=/wmx.ru/vpn_domains
ipset=/worldpress.com/vpn_domains
ipset=/x-bet.co/vpn_domains
ipset=/xxiveklnr.su/vpn_domains
ipset=/yalta-tv.ru/vpn_domains
ipset=/yaltatv.ru/vpn_domains
ipset=/yandex-taxi.com.ua/vpn_domains
ipset=/yandex.ru/vpn_domains
ipset=/yandex.ua/vpn_domains
ipset=/yandexdatafactory.com/vpn_domains
ipset=/yandextaksiua.com.ua/vpn_domains
ipset=/yandextaxi.com.ua/vpn_domains
ipset=/yandextaxi.kiev.ua/vpn_domains
ipset=/yasispolkom.ru/vpn_domains
ipset=/yataxi.com.ua/vpn_domains
ipset=/yataxi.net/vpn_domains
ipset=/yookassa.ru/vpn_domains
ipset=/yoomoney.ru/vpn_domains
ipset=/yoomoney.website/vpn_domains
ipset=/yumoney.ru/vpn_domains
ipset=/zavtra.ru/vpn_domains
ipset=/zedom.net/vpn_domains
ipset=/zenit.win/vpn_domains
ipset=/zerocoder.ru/vpn_domains
ipset=/zhdanovka.com/vpn_domains
