DOMAIN-SUFFIX,1c-umi.ru
DOMAIN-SUFFIX,1cent.in
DOMAIN-SUFFIX,1cent.tv
DOMAIN-SUFFIX,1cupis.ru
DOMAIN-SUFFIX,1tv.com
DOMAIN-SUFFIX,1tv.ru
DOMAIN-SUFFIX,1tvcrimea.ru
DOMAIN-SUFFIX,1x-bet.com
DOMAIN-SUFFIX,1xbet.com
DOMAIN-SUFFIX,1xslots-online.com
DOMAIN-SUFFIX,1xstavka.ru
DOMAIN-SUFFIX,21casino.com
DOMAIN-SUFFIX,22bet.com
DOMAIN-SUFFIX,24kcasino.com
DOMAIN-SUFFIX,2gis.ru
DOMAIN-SUFFIX,2gis.ua
DOMAIN-SUFFIX,3dn.ru
DOMAIN-SUFFIX,5-tv.ru
DOMAIN-SUFFIX,777.com
DOMAIN-SUFFIX,888.ru
DOMAIN-SUFFIX,abet.ru
DOMAIN-SUFFIX,academyit.ru
DOMAIN-SUFFIX,achtungpartisanen.ru
DOMAIN-SUFFIX,admin-gorlovka.ru
DOMAIN-SUFFIX,agklnr.su
DOMAIN-SUFFIX,agoravox.tv
DOMAIN-SUFFIX,alchevsk.su
DOMAIN-SUFFIX,algoritmika.org
DOMAIN-SUFFIX,allcrimea.net
DOMAIN-SUFFIX,altaipalace.net
DOMAIN-SUFFIX,anna-news.info
DOMAIN-SUFFIX,antifashist.com
DOMAIN-SUFFIX,antifriz.tv
DOMAIN-SUFFIX,antimaydan.info
DOMAIN-SUFFIX,antr-adm.ru
DOMAIN-SUFFIX,antratsit.su
DOMAIN-SUFFIX,aprlnr.su
DOMAIN-SUFFIX,argocasino50.com
DOMAIN-SUFFIX,armgov.ru
DOMAIN-SUFFIX,artv-news.ru
DOMAIN-SUFFIX,asd.news
DOMAIN-SUFFIX,asketlnr.su
DOMAIN-SUFFIX,asssr.info
DOMAIN-SUFFIX,astrabet.ru
DOMAIN-SUFFIX,au-donetsk.ru
DOMAIN-SUFFIX,auto.ru
DOMAIN-SUFFIX,avtopribor.ru
DOMAIN-SUFFIX,baltbet.ru
DOMAIN-SUFFIX,begemot.media
DOMAIN-SUFFIX,bet365.ru
DOMAIN-SUFFIX,betboom.ru
DOMAIN-SUFFIX,betchain.com
DOMAIN-SUFFIX,betchplp.xyz
DOMAIN-SUFFIX,betcity.ru
DOMAIN-SUFFIX,betring.org
DOMAIN-SUFFIX,bettery.ru
DOMAIN-SUFFIX,betwinner.com
DOMAIN-SUFFIX,bg14.org
DOMAIN-SUFFIX,billingtv.net
DOMAIN-SUFFIX,bitcoincasino.us
DOMAIN-SUFFIX,bitrix24.site
DOMAIN-SUFFIX,biz.ua
DOMAIN-SUFFIX,bizdnr.ru
DOMAIN-SUFFIX,blogspot.com
DOMAIN-SUFFIX,bmpvsu.ru
DOMAIN-SUFFIX,bober-tv.ru
DOMAIN-SUFFIX,bookmate.com
DOMAIN-SUFFIX,britannia-kaliningrad.ru
DOMAIN-SUFFIX,brunoyam.com
DOMAIN-SUFFIX,bryanka.su
DOMAIN-SUFFIX,bwin.ru
DOMAIN-SUFFIX,c-eho.info
DOMAIN-SUFFIX,c-inform.info
DOMAIN-SUFFIX,c-pravda.ru
DOMAIN-SUFFIX,cambridgecentre.ru
DOMAIN-SUFFIX,capitaller.ru
DOMAIN-SUFFIX,cardsharingserver.tv
DOMAIN-SUFFIX,casinotoken.com
DOMAIN-SUFFIX,cbilling.biz
DOMAIN-SUFFIX,cbilling.in
DOMAIN-SUFFIX,cbilling.pw
DOMAIN-SUFFIX,cbillingtv.net
DOMAIN-SUFFIX,changamireltd.com
DOMAIN-SUFFIX,cikdnr.su
DOMAIN-SUFFIX,cloudbet.com
DOMAIN-SUFFIX,clubpixel.ru
DOMAIN-SUFFIX,cmh.ru
DOMAIN-SUFFIX,coddyschool.com
DOMAIN-SUFFIX,com.ru
DOMAIN-SUFFIX,comitet.su
DOMAIN-SUFFIX,contactpay.com
DOMAIN-SUFFIX,crb-dnr.ru
DOMAIN-SUFFIX,crimea-news.com
DOMAIN-SUFFIX,crimea-radio.ru
DOMAIN-SUFFIX,crimea24.tv
DOMAIN-SUFFIX,crimeapress.info
DOMAIN-SUFFIX,dan-news.info
DOMAIN-SUFFIX,debalcevo-dnr.ru
DOMAIN-SUFFIX,denis-pushilin.info
DOMAIN-SUFFIX,denis-pushilin.ru
DOMAIN-SUFFIX,digitalrussia.tv
DOMAIN-SUFFIX,djankoiadm.ru
DOMAIN-SUFFIX,dnipress.com
DOMAIN-SUFFIX,dnmchs.ru
DOMAIN-SUFFIX,dnr-hotline.ru
DOMAIN-SUFFIX,dnr-life.ru
DOMAIN-SUFFIX,dnr-live.ru
DOMAIN-SUFFIX,dnr-news.com
DOMAIN-SUFFIX,dnr-online.ru
DOMAIN-SUFFIX,dnr-pravda.ru
DOMAIN-SUFFIX,dnr24.com
DOMAIN-SUFFIX,dnr24.su
DOMAIN-SUFFIX,dnrailway.ru
DOMAIN-SUFFIX,dnronlane.su
DOMAIN-SUFFIX,dnrsovet.su
DOMAIN-SUFFIX,do-mein.ru
DOMAIN-SUFFIX,domkino-premium.tv
DOMAIN-SUFFIX,domkino.tv
DOMAIN-SUFFIX,dommintrans.ru
DOMAIN-SUFFIX,donbass-insider.com
DOMAIN-SUFFIX,donbass.media
DOMAIN-SUFFIX,donbasstoday.ru
DOMAIN-SUFFIX,doncsm.ru
DOMAIN-SUFFIX,doneast.su
DOMAIN-SUFFIX,donetsk-france.org
DOMAIN-SUFFIX,donmarkets.ru
DOMAIN-SUFFIX,donmintrans.ru
DOMAIN-SUFFIX,donnu.ru
DOMAIN-SUFFIX,dontimes.ru
DOMAIN-SUFFIX,drweb.ru
DOMAIN-SUFFIX,e-news.su
DOMAIN-SUFFIX,econri.org
DOMAIN-SUFFIX,edem.tv
DOMAIN-SUFFIX,edemtv.me
DOMAIN-SUFFIX,eduson.academy
DOMAIN-SUFFIX,elmi.ua
DOMAIN-SUFFIX,enakievo.org
DOMAIN-SUFFIX,eramedia.com.ua
DOMAIN-SUFFIX,euslot.com
DOMAIN-SUFFIX,exchanger.money
DOMAIN-SUFFIX,exchanger.ru
DOMAIN-SUFFIX,fastpay-casino.com
DOMAIN-SUFFIX,fgi-lnr.su
DOMAIN-SUFFIX,finbet.bet
DOMAIN-SUFFIX,findexiq.com
DOMAIN-SUFFIX,fon.bet
DOMAIN-SUFFIX,fonbet.ru
DOMAIN-SUFFIX,forma-box.ru
DOMAIN-SUFFIX,fox-tv.fun
DOMAIN-SUFFIX,fpdnr.ru
DOMAIN-SUFFIX,fplnr.org
DOMAIN-SUFFIX,freedom.kiev.ua
DOMAIN-SUFFIX,fsnslnr.su
DOMAIN-SUFFIX,fss.ru
DOMAIN-SUFFIX,fssprus.ru
DOMAIN-SUFFIX,gameassists.co.uk
DOMAIN-SUFFIX,gazeta-dnr.ru
DOMAIN-SUFFIX,gazeta.ru
DOMAIN-SUFFIX,gazetacrimea.ru
DOMAIN-SUFFIX,gb-dnr.com
DOMAIN-SUFFIX,gb.ru
DOMAIN-SUFFIX,gdcert.com
DOMAIN-SUFFIX,geopolitika.ru
DOMAIN-SUFFIX,ggbet.ru
DOMAIN-SUFFIX,gisnpa-dnr.ru
DOMAIN-SUFFIX,gkecopoldnr.ru
DOMAIN-SUFFIX,gkgtn.ru
DOMAIN-SUFFIX,gknslnr.su
DOMAIN-SUFFIX,gkslnr.su
DOMAIN-SUFFIX,gktrlnr.su
DOMAIN-SUFFIX,glava-lnr.info
DOMAIN-SUFFIX,glava-lnr.su
DOMAIN-SUFFIX,gle.ru
DOMAIN-SUFFIX,goldfishka68.com
DOMAIN-SUFFIX,golospravdy.com
DOMAIN-SUFFIX,gomel-sat.bz
DOMAIN-SUFFIX,gorlovka-news.su
DOMAIN-SUFFIX,gorlovka-tv.ru
DOMAIN-SUFFIX,gorlovka.today
DOMAIN-SUFFIX,gorod-donetsk.com
DOMAIN-SUFFIX,gorod-lugansk.com
DOMAIN-SUFFIX,goskomzemdnr.ru
DOMAIN-SUFFIX,goskomzemlnr.su
DOMAIN-SUFFIX,gosnadzorlnr.ru
DOMAIN-SUFFIX,gosrezervlnr.su
DOMAIN-SUFFIX,gosstat-dnr.ru
DOMAIN-SUFFIX,gostrud-dnr.ru
DOMAIN-SUFFIX,gov.ru
DOMAIN-SUFFIX,govdnr.ru
DOMAIN-SUFFIX,gpdnr.su
DOMAIN-SUFFIX,gplnr.su
DOMAIN-SUFFIX,grandx.com
DOMAIN-SUFFIX,group-ib.ru
DOMAIN-SUFFIX,gsdsd-dnr.ru
DOMAIN-SUFFIX,gt-news.info
DOMAIN-SUFFIX,gtklnr.su
DOMAIN-SUFFIX,gtrklnr.su
DOMAIN-SUFFIX,gtrlnr.com
DOMAIN-SUFFIX,guarantee.ru
DOMAIN-SUFFIX,gum-centr.su
DOMAIN-SUFFIX,guprec.ru
DOMAIN-SUFFIX,hexlet.io
DOMAIN-SUFFIX,howto-news.info
DOMAIN-SUFFIX,howtonews.info
DOMAIN-SUFFIX,htmlacademy.ru
DOMAIN-SUFFIX,i-don.ru
DOMAIN-SUFFIX,i-edem.tv
DOMAIN-SUFFIX,iedem.tv
DOMAIN-SUFFIX,ikrim.net
DOMAIN-SUFFIX,ikstv.ru
DOMAIN-SUFFIX,ilook.tv
DOMAIN-SUFFIX,ilucki.com
DOMAIN-SUFFIX,inforeactor.ru
DOMAIN-SUFFIX,inlinegroup-c.ru
DOMAIN-SUFFIX,inlinegroup.ru
DOMAIN-SUFFIX,inlinegroup.ua
DOMAIN-SUFFIX,inosmi.ru
DOMAIN-SUFFIX,inst.net
DOMAIN-SUFFIX,interra.bz
DOMAIN-SUFFIX,ints.net
DOMAIN-SUFFIX,ip-tv.club
DOMAIN-SUFFIX,iptv-ru.com
DOMAIN-SUFFIX,iseetv.net
DOMAIN-SUFFIX,iskra-dnr.ru
DOMAIN-SUFFIX,iz.ru
DOMAIN-SUFFIX,izbirkom.ru
DOMAIN-SUFFIX,jinopro.net
DOMAIN-SUFFIX,joocasino.com
DOMAIN-SUFFIX,journalcrimea.ru
DOMAIN-SUFFIX,jpgazeta.ru
DOMAIN-SUFFIX,kanal-o.ru
DOMAIN-SUFFIX,karpov.courses
DOMAIN-SUFFIX,karusel-tv.ru
DOMAIN-SUFFIX,kaspersky.ru
DOMAIN-SUFFIX,katyusha.tv
DOMAIN-SUFFIX,kaznalnr.ru
DOMAIN-SUFFIX,kcpn.info
DOMAIN-SUFFIX,kga.su
DOMAIN-SUFFIX,kianews24.ru
DOMAIN-SUFFIX,kinopoisk.ru
DOMAIN-SUFFIX,konungcasino.com
DOMAIN-SUFFIX,kp.ru
DOMAIN-SUFFIX,krasnodon.su
DOMAIN-SUFFIX,krasnyluch.su
DOMAIN-SUFFIX,krtech.ru
DOMAIN-SUFFIX,labirint.ru
DOMAIN-SUFFIX,lenta.ru
DOMAIN-SUFFIX,leon.ru
DOMAIN-SUFFIX,leonid-pasechnik.info
DOMAIN-SUFFIX,lgt.su
DOMAIN-SUFFIX,lifelug.su
DOMAIN-SUFFIX,ligastavok.ru
DOMAIN-SUFFIX,lightiptv.me
DOMAIN-SUFFIX,linebet.com
DOMAIN-SUFFIX,litres.ru
DOMAIN-SUFFIX,livejournal.com
DOMAIN-SUFFIX,lnr.media
DOMAIN-SUFFIX,lnr.today
DOMAIN-SUFFIX,loftschool.com
DOMAIN-SUFFIX,lostarmour.info
DOMAIN-SUFFIX,loyalcasino.com
DOMAIN-SUFFIX,lpr-reg.ru
DOMAIN-SUFFIX,lprreg.ru
DOMAIN-SUFFIX,lug-info.com
DOMAIN-SUFFIX,luga1news.ru
DOMAIN-SUFFIX,lugansk-online.su
DOMAIN-SUFFIX,lugansk.online
DOMAIN-SUFFIX,lugansk.site
DOMAIN-SUFFIX,lugansk1.info
DOMAIN-SUFFIX,lutugino.su
DOMAIN-SUFFIX,m24.ru
DOMAIN-SUFFIX,mail.ru
DOMAIN-SUFFIX,makeyevka.ru
DOMAIN-SUFFIX,marathonbet.ru
DOMAIN-SUFFIX,mchs-lnr.su
DOMAIN-SUFFIX,mcxdnr.ru
DOMAIN-SUFFIX,mdsdnr.ru
DOMAIN-SUFFIX,media-xyz.com
DOMAIN-SUFFIX,megasoft-ltd.ru
DOMAIN-SUFFIX,megatransov.net
DOMAIN-SUFFIX,melbet.com
DOMAIN-SUFFIX,melbet.ru
DOMAIN-SUFFIX,melord.net
DOMAIN-SUFFIX,merlnr.su
DOMAIN-SUFFIX,mgb-dnr.ru
DOMAIN-SUFFIX,mgbdnr.ru
DOMAIN-SUFFIX,mgblnr.org
DOMAIN-SUFFIX,miaistok.su
DOMAIN-SUFFIX,mid-dnr.su
DOMAIN-SUFFIX,mil-lnr.info
DOMAIN-SUFFIX,minfindnr.ru
DOMAIN-SUFFIX,minfinlnr.su
DOMAIN-SUFFIX,mininfodnr.ru
DOMAIN-SUFFIX,minjust-dnr.ru
DOMAIN-SUFFIX,minobr.su
DOMAIN-SUFFIX,minpromlnr.su
DOMAIN-SUFFIX,minstroy-dnr.ru
DOMAIN-SUFFIX,minstroylnr.su
DOMAIN-SUFFIX,mintek-dnr.ru
DOMAIN-SUFFIX,mintop.su
DOMAIN-SUFFIX,mintranslnr.su
DOMAIN-SUFFIX,mintrudlnr.su
DOMAIN-SUFFIX,mk.ru
DOMAIN-SUFFIX,mklnr.su
DOMAIN-SUFFIX,mondnr.ru
DOMAIN-SUFFIX,money.ru
DOMAIN-SUFFIX,moscowmedia.net
DOMAIN-SUFFIX,mostbet.ru
DOMAIN-SUFFIX,mozaika.dn.ua
DOMAIN-SUFFIX,mprlnr.su
DOMAIN-SUFFIX,mpt-dnr.ru
DOMAIN-SUFFIX,mptdnr.ru
DOMAIN-SUFFIX,mrespublika.ru
DOMAIN-SUFFIX,msdnr.ru
DOMAIN-SUFFIX,mshiplnr.su
DOMAIN-SUFFIX,mskagency.ru
DOMAIN-SUFFIX,mslnr.su
DOMAIN-SUFFIX,mstcvfvcvb.com
DOMAIN-SUFFIX,mtspdnr.ru
DOMAIN-SUFFIX,mu-lnr.su
DOMAIN-SUFFIX,mulnr.su
DOMAIN-SUFFIX,muz1.tv
DOMAIN-SUFFIX,mvd.ru
DOMAIN-SUFFIX,mvddnr.ru
DOMAIN-SUFFIX,mvdlnr.ru
DOMAIN-SUFFIX,mzdnr.ru
DOMAIN-SUFFIX,mzlnr.su
DOMAIN-SUFFIX,n1casino.com
DOMAIN-SUFFIX,nabu-leaks.com
DOMAIN-SUFFIX,nabu-leaks.info
DOMAIN-SUFFIX,nabu-leaks.net
DOMAIN-SUFFIX,nabu-leaks.org
DOMAIN-SUFFIX,nahnews.org
DOMAIN-SUFFIX,narod.ru
DOMAIN-SUFFIX,narodnoeopolchenie.ru
DOMAIN-SUFFIX,nashagazeta.net
DOMAIN-SUFFIX,nashe.ru
DOMAIN-SUFFIX,nateks-don.ru
DOMAIN-SUFFIX,nateks-dv.ru
DOMAIN-SUFFIX,nateks-ural.ru
DOMAIN-SUFFIX,nateks-volga.ru
DOMAIN-SUFFIX,nateks.by
DOMAIN-SUFFIX,nateks.ru
DOMAIN-SUFFIX,nation-news.ru
DOMAIN-SUFFIX,network-xyz.com
DOMAIN-SUFFIX,nevelend.ru
DOMAIN-SUFFIX,newinform.com
DOMAIN-SUFFIX,news-front.info
DOMAIN-SUFFIX,newsdnr.ru
DOMAIN-SUFFIX,newsua.ru
DOMAIN-SUFFIX,nm-g.ru
DOMAIN-SUFFIX,nomadcasino.com
DOMAIN-SUFFIX,novopressa.ru
DOMAIN-SUFFIX,novorosinform.org
DOMAIN-SUFFIX,novoross.info
DOMAIN-SUFFIX,novorossia-tv.ru
DOMAIN-SUFFIX,novorossia.su
DOMAIN-SUFFIX,novorossia.today
DOMAIN-SUFFIX,novorossia.vision
DOMAIN-SUFFIX,novorossiatv.com
DOMAIN-SUFFIX,novosti.icu
DOMAIN-SUFFIX,nslnr.su
DOMAIN-SUFFIX,nt1941.su
DOMAIN-SUFFIX,nts-tv.com
DOMAIN-SUFFIX,ntv.ru
DOMAIN-SUFFIX,ntvplus.ru
DOMAIN-SUFFIX,ntvplus.tv
DOMAIN-SUFFIX,oddr.info
DOMAIN-SUFFIX,odnarodyna.org
DOMAIN-SUFFIX,odsd.ru
DOMAIN-SUFFIX,ok-crimea.ru
DOMAIN-SUFFIX,ok.ru
DOMAIN-SUFFIX,okkupatsiya.net
DOMAIN-SUFFIX,olimp.bet
DOMAIN-SUFFIX,ombudsmandnr.ru
DOMAIN-SUFFIX,onmedia.io
DOMAIN-SUFFIX,opcrimea.ru
DOMAIN-SUFFIX,oplot.tv
DOMAIN-SUFFIX,otr-online.ru
DOMAIN-SUFFIX,ottg.tv
DOMAIN-SUFFIX,ottglanz.tv
DOMAIN-SUFFIX,ottplay.com
DOMAIN-SUFFIX,otus.ru
DOMAIN-SUFFIX,owebmoney.ru
DOMAIN-SUFFIX,ozon.ru
DOMAIN-SUFFIX,paradisecasino.com
DOMAIN-SUFFIX,paribet.ru
DOMAIN-SUFFIX,parimatch.com
DOMAIN-SUFFIX,parimatch.foundation
DOMAIN-SUFFIX,parimatch.net
DOMAIN-SUFFIX,parimatch.ua
DOMAIN-SUFFIX,partycasino.com
DOMAIN-SUFFIX,partypoker.com
DOMAIN-SUFFIX,patreon.com
DOMAIN-SUFFIX,paymaster.ru
DOMAIN-SUFFIX,paymaster.ua
DOMAIN-SUFFIX,paystree.com
DOMAIN-SUFFIX,pervomaysklnr.su
DOMAIN-SUFFIX,pflnr.su
DOMAIN-SUFFIX,phoenix-dnr.ru
DOMAIN-SUFFIX,pikinform.ru
DOMAIN-SUFFIX,pinnacle.com
DOMAIN-SUFFIX,pl.com.ua
DOMAIN-SUFFIX,pm.ua
DOMAIN-SUFFIX,pobeda.tv
DOMAIN-SUFFIX,poehali.tv
DOMAIN-SUFFIX,pokermatch.com
DOMAIN-SUFFIX,pokermatch.ua
DOMAIN-SUFFIX,politexpert.net
DOMAIN-SUFFIX,politnavigator.net
DOMAIN-SUFFIX,politros.com
DOMAIN-SUFFIX,poolbet.ru
DOMAIN-SUFFIX,postdonbass.com
DOMAIN-SUFFIX,ppcrimea.ru
DOMAIN-SUFFIX,pravdnr.ru
DOMAIN-SUFFIX,primedice.com
DOMAIN-SUFFIX,prodonbass.ru
DOMAIN-SUFFIX,productstar.ru
DOMAIN-SUFFIX,promedia.ru
DOMAIN-SUFFIX,qiwi.com
DOMAIN-SUFFIX,qiwi.kz
DOMAIN-SUFFIX,qiwi.me
DOMAIN-SUFFIX,qiwi.ua
DOMAIN-SUFFIX,qiwiguide.ru
DOMAIN-SUFFIX,qiwitrue.dev
DOMAIN-SUFFIX,rabotavtaxi.pro
DOMAIN-SUFFIX,radiovera.ru
DOMAIN-SUFFIX,rambler.ru
DOMAIN-SUFFIX,rbc.ru
DOMAIN-SUFFIX,rcz-dnr.ru
DOMAIN-SUFFIX,redkings.com
DOMAIN-SUFFIX,redray-lnr-news.su
DOMAIN-SUFFIX,redstarcasino20.eu
DOMAIN-SUFFIX,ren.tv
DOMAIN-SUFFIX,reporter-crimea.ru
DOMAIN-SUFFIX,republic-tv.ru
DOMAIN-SUFFIX,ria.ru
DOMAIN-SUFFIX,riafan.ru
DOMAIN-SUFFIX,rian.com.ua
DOMAIN-SUFFIX,ritualdnr.ru
DOMAIN-SUFFIX,rkproc.ru
DOMAIN-SUFFIX,rmnews.ru
DOMAIN-SUFFIX,rospotrebnadzor.ru
DOMAIN-SUFFIX,roszdravnadzor.ru
DOMAIN-SUFFIX,rov-adm.su
DOMAIN-SUFFIX,rp24.info
DOMAIN-SUFFIX,rst-dnr.ru
DOMAIN-SUFFIX,rt.com
DOMAIN-SUFFIX,rt.ru
DOMAIN-SUFFIX,rtr-planeta.com
DOMAIN-SUFFIX,rumedia24.com
DOMAIN-SUFFIX,ruscrimea.ru
DOMAIN-SUFFIX,rusdialog.ru
DOMAIN-SUFFIX,rusmatica.org
DOMAIN-SUFFIX,rusnext.ru
DOMAIN-SUFFIX,russia.tv
DOMAIN-SUFFIX,russian-center.ru
DOMAIN-SUFFIX,rusvesna.su
DOMAIN-SUFFIX,ruxpert.ru
DOMAIN-SUFFIX,s8.capital
DOMAIN-SUFFIX,sceptic.online
DOMAIN-SUFFIX,school-xyz.com
DOMAIN-SUFFIX,sev.tv
DOMAIN-SUFFIX,sevastopol.press
DOMAIN-SUFFIX,sf.education
DOMAIN-SUFFIX,shahtersk.org
DOMAIN-SUFFIX,sharij.com.ua
DOMAIN-SUFFIX,sharij.net
DOMAIN-SUFFIX,sharij.online
DOMAIN-SUFFIX,simadm.ru
DOMAIN-SUFFIX,skgazeta.su
DOMAIN-SUFFIX,skillbox.ru
DOMAIN-SUFFIX,skillfactory.ru
DOMAIN-SUFFIX,sky.pro
DOMAIN-SUFFIX,skyeng.com.ua
DOMAIN-SUFFIX,skyeng.in.ua
DOMAIN-SUFFIX,skyeng.ru
DOMAIN-SUFFIX,skysmart.ru
DOMAIN-SUFFIX,slavlnr.su
DOMAIN-SUFFIX,slavvesti.su
DOMAIN-SUFFIX,slovodel.com
DOMAIN-SUFFIX,smartwm.ru
DOMAIN-SUFFIX,smdnr.ru
DOMAIN-SUFFIX,smi2.ru
DOMAIN-SUFFIX,smotrim.ru
DOMAIN-SUFFIX,sobranie-casino.com
DOMAIN-SUFFIX,sovminlnr.ru
DOMAIN-SUFFIX,sovminlnr.su
DOMAIN-SUFFIX,sp-rc.ru
DOMAIN-SUFFIX,sportloto.ru
DOMAIN-SUFFIX,sputniknews.com
DOMAIN-SUFFIX,stakhanov.su
DOMAIN-SUFFIX,star-bet.ru
DOMAIN-SUFFIX,starobeshevo.ru
DOMAIN-SUFFIX,stepik.org
DOMAIN-SUFFIX,stnmoscow.ru
DOMAIN-SUFFIX,stoletie.ru
DOMAIN-SUFFIX,strana.digital
DOMAIN-SUFFIX,strana.news
DOMAIN-SUFFIX,strana.one
DOMAIN-SUFFIX,strana.today
DOMAIN-SUFFIX,strana.ua
DOMAIN-SUFFIX,stv92.ru
DOMAIN-SUFFIX,sudrf.ru
DOMAIN-SUFFIX,supcourt-dpr.su
DOMAIN-SUFFIX,svk-portal.su
DOMAIN-SUFFIX,svpressa.ru
DOMAIN-SUFFIX,szstakhanov.su
DOMAIN-SUFFIX,tass.ru
DOMAIN-SUFFIX,taxi-yandex.com.ua
DOMAIN-SUFFIX,taxi-yandex.kiev.ua
DOMAIN-SUFFIX,telecafe.ru
DOMAIN-SUFFIX,telecomsite.ru
DOMAIN-SUFFIX,telekanal-oplot.tv
DOMAIN-SUFFIX,telesputnik.ru
DOMAIN-SUFFIX,telmanovo-dnr.ru
DOMAIN-SUFFIX,tennisi.bet
DOMAIN-SUFFIX,tfomsrk.ru
DOMAIN-SUFFIX,tk-union.tv
DOMAIN-SUFFIX,tnt-online.ru
DOMAIN-SUFFIX,tochka.com
DOMAIN-SUFFIX,top-academy.ru
DOMAIN-SUFFIX,topiptv.info
DOMAIN-SUFFIX,torez24.ru
DOMAIN-SUFFIX,tppdnr.ru
DOMAIN-SUFFIX,trkmillet.ru
DOMAIN-SUFFIX,trudgor.su
DOMAIN-SUFFIX,trudslava.su
DOMAIN-SUFFIX,tsiklnr.su
DOMAIN-SUFFIX,tvc.ru
DOMAIN-SUFFIX,tvkultura.ru
DOMAIN-SUFFIX,tvlider.net
DOMAIN-SUFFIX,tvoetv.in.ua
DOMAIN-SUFFIX,tvzvezda.ru
DOMAIN-SUFFIX,ucoz.org
DOMAIN-SUFFIX,ugletele.com
DOMAIN-SUFFIX,ukraina.ru
DOMAIN-SUFFIX,ukraine.ru
DOMAIN-SUFFIX,umi.ru
DOMAIN-SUFFIX,uscrimea.ru
DOMAIN-SUFFIX,utro.ru
DOMAIN-SUFFIX,uzhhorod.today
DOMAIN-SUFFIX,vedomosti.ru
DOMAIN-SUFFIX,versia.ru
DOMAIN-SUFFIX,vesti-k.ru
DOMAIN-SUFFIX,vesti.ru
DOMAIN-SUFFIX,vesti92.ru
DOMAIN-SUFFIX,vgl-sport.ru
DOMAIN-SUFFIX,vgtrk.com
DOMAIN-SUFFIX,vipdrive.net
DOMAIN-SUFFIX,vitrina.tv
DOMAIN-SUFFIX,vk.com
DOMAIN-SUFFIX,vmakeevke.com
DOMAIN-SUFFIX,vodadonbassa.ru
DOMAIN-SUFFIX,voicesevas.ru
DOMAIN-SUFFIX,voloshyna.org.ua
DOMAIN-SUFFIX,voltbet.ru
DOMAIN-SUFFIX,voskhodinfo.su
DOMAIN-SUFFIX,vperedlnr.su
DOMAIN-SUFFIX,vremya.tv
DOMAIN-SUFFIX,vsednr.ru
DOMAIN-SUFFIX,web-moneta.com
DOMAIN-SUFFIX,web-money.ru
DOMAIN-SUFFIX,web.com
DOMAIN-SUFFIX,webmoney-keeper.ru
DOMAIN-SUFFIX,webmoney.by
DOMAIN-SUFFIX,webmoney.com.ua
DOMAIN-SUFFIX,webmoney.ru
DOMAIN-SUFFIX,webmoney.ua
DOMAIN-SUFFIX,wildberries.am
DOMAIN-SUFFIX,wildberries.by
DOMAIN-SUFFIX,wildberries.eu
DOMAIN-SUFFIX,wildberries.kg
DOMAIN-SUFFIX,wildberries.kz
DOMAIN-SUFFIX,wildberries.ru
DOMAIN-SUFFIX,wildberries.ua
DOMAIN-SUFFIX,winline.ru
DOMAIN-SUFFIX,wm-factor.com.ua
DOMAIN-SUFFIX,wmchanger.com
DOMAIN-SUFFIX,wmeuro.eu
DOMAIN-SUFFIX,wmid.com
DOMAIN-SUFFIX,wmsite.ru
DOMAIN-SUFFIX,wmtransfer.com
DOMAIN-SUFFIX,wmx.ru
DOMAIN-SUFFIX,worldpress.com
DOMAIN-SUFFIX,x-bet.co
DOMAIN-SUFFIX,xxiveklnr.su
DOMAIN-SUFFIX,yalta-tv.ru
DOMAIN-SUFFIX,yaltatv.ru
DOMAIN-SUFFIX,yandex-taxi.com.ua
DOMAIN-SUFFIX,yandex.ru
DOMAIN-SUFFIX,yandex.ua
DOMAIN-SUFFIX,yandexdatafactory.com
DOMAIN-SUFFIX,yandextaksiua.com.ua
DOMAIN-SUFFIX,yandextaxi.com.ua
DOMAIN-SUFFIX,yandextaxi.kiev.ua
DOMAIN-SUFFIX,yasispolkom.ru
DOMAIN-SUFFIX,yataxi.com.ua
DOMAIN-SUFFIX,yataxi.net
DOMAIN-SUFFIX,yookassa.ru
DOMAIN-SUFFIX,yoomoney.ru
DOMAIN-SUFFIX,yoomoney.website
DOMAIN-SUFFIX,yumoney.ru
DOMAIN-SUFFIX,zavtra.ru
DOMAIN-SUFFIX,zedom.net
DOMAIN-SUFFIX,zenit.win
DOMAIN-SUFFIX,zerocoder.ru
DOMAIN-SUFFIX,zhdanovka.com
