# rzd.ru
b2c-ticket-sentry.onelya.ru
bitrix.info
cms1.dzvr.ru
counter.yadro.ru
dzvr.ru
rzd-bonus.ru
rzd.ru
sys.refocus.ru
ticket.rzd.ru
vshark.ttk.ru
www.rzd.ru

# www.pochta.ru
pochta.ru
www.pochta.ru
passport.pochta.ru
static.pochta.ru
1018213540.rsc.cdn77.org

# www.kinopoisk.ru
www.kinopoisk.ru
api.ott.kinopoisk.ru
api.plus.kinopoisk.ru
external-api.mediabilling.kinopoisk.ru
hd.kinopoisk.ru
mc.kinopoisk.ru
widgets.kinopoisk.ru

# ozon.ru
ozon.ru
www.ozon.ru
p.ozon.ru
api.ozon.ru
xapi.ozon.ru
finance.ozon.ru
api.finance.ozon.ru
ws.finance.ozon.ru
t.finance.ozon.ru
edge-lb-g1.ozon.ru
_9443._https.ws.finance.ozon.ru
cdn1.ozone.ru
cdn2.ozone.ru
io.ozone.ru
ir.ozone.ru
v.ozone.ru
ir-3.ozone.ru
edge-mmedia-lb.ozone.ru
cdn1.ozonusercontent.com

# One domain sites
bkvet.ru